Note: Comprehensive Test Runner for AI Mathematics Module Suite
Note: Orchestrates and runs all test files for the ai_math module, providing
Note: aggregated results, performance metrics, and detailed reporting.
Note: Tests neural operations, optimization, loss functions, attention mechanisms,
Note: reinforcement learning, ML metrics, and embedding operations.

Import "tests/unit/libraries/math/ai_math/test_neural_ops" as NeuralOpsTests
Import "tests/unit/libraries/math/ai_math/test_loss_functions" as LossFunctionTests
Import "tests/unit/libraries/math/ai_math/test_optimization" as OptimizationTests
Import "tests/unit/libraries/math/ai_math/test_attention" as AttentionTests
Import "tests/unit/libraries/math/ai_math/test_reinforcement" as ReinforcementTests
Import "tests/unit/libraries/math/ai_math/test_metrics" as MetricsTests
Import "tests/unit/libraries/math/ai_math/test_embeddings" as EmbeddingsTests
Import "dev/debug/errors/core" as Errors
Import "math/core/operations" as MathOps

Note: ===== Test Suite Aggregation Types =====

Type called "ModuleTestResult":
    module_name as String
    test_suite as TestSuite
    execution_time_ms as Integer
    success as Boolean
    error_message as String

Type called "AggregatedTestResults":
    total_modules as Integer
    passed_modules as Integer
    failed_modules as Integer
    total_tests as Integer
    total_passed as Integer
    total_failed as Integer
    overall_success_rate as Float
    execution_time_ms as Integer
    module_results as List[ModuleTestResult]

Type called "TestSuite":
    suite_name as String
    total_tests as Integer
    passed_tests as Integer
    failed_tests as Integer
    results as List[TestResult]

Type called "TestResult":
    test_name as String
    passed as Boolean
    error_message as String
    execution_time as String
    expected_value as String
    actual_value as String

Note: ===== Performance Tracking =====

Process called "get_current_timestamp_ms" that takes no parameters returns Integer:
    Note: Get current timestamp in milliseconds for performance measurement
    Note: Simplified implementation - in real system would use system clock
    
    Note: For testing purposes, return a mock timestamp
    Return 1640995200000  Note: Jan 1, 2022 00:00:00 UTC in milliseconds

Process called "calculate_elapsed_time" that takes start_time as Integer, end_time as Integer returns Integer:
    Note: Calculate elapsed time between two timestamps
    
    If end_time < start_time:
        Return 0
    
    Return end_time - start_time

Note: ===== Test Execution Management =====

Process called "run_module_tests" that takes module_name as String returns ModuleTestResult:
    Note: Run tests for a specific module and capture results with timing
    
    Let start_time be get_current_timestamp_ms()
    
    Try:
        If module_name == "neural_ops":
            Let test_suite be NeuralOpsTests.run_all_neural_ops_tests()
            Let end_time be get_current_timestamp_ms()
            Let execution_time be calculate_elapsed_time(start_time, end_time)
            
            Let success be test_suite.failed_tests == 0
            
            Return ModuleTestResult with module_name: module_name, test_suite: test_suite, execution_time_ms: execution_time, success: success, error_message: ""
            
        Otherwise If module_name == "loss_functions":
            Let test_suite be LossFunctionTests.run_all_loss_function_tests()
            Let end_time be get_current_timestamp_ms()
            Let execution_time be calculate_elapsed_time(start_time, end_time)
            
            Let success be test_suite.failed_tests == 0
            
            Return ModuleTestResult with module_name: module_name, test_suite: test_suite, execution_time_ms: execution_time, success: success, error_message: ""
            
        Otherwise If module_name == "optimization":
            Let test_suite be OptimizationTests.run_all_optimization_tests()
            Let end_time be get_current_timestamp_ms()
            Let execution_time be calculate_elapsed_time(start_time, end_time)
            
            Let success be test_suite.failed_tests == 0
            
            Return ModuleTestResult with module_name: module_name, test_suite: test_suite, execution_time_ms: execution_time, success: success, error_message: ""
            
        Otherwise If module_name == "attention":
            Let test_suite be AttentionTests.run_all_attention_tests()
            Let end_time be get_current_timestamp_ms()
            Let execution_time be calculate_elapsed_time(start_time, end_time)
            
            Let success be test_suite.failed_tests == 0
            
            Return ModuleTestResult with module_name: module_name, test_suite: test_suite, execution_time_ms: execution_time, success: success, error_message: ""
            
        Otherwise If module_name == "reinforcement":
            Let test_suite be ReinforcementTests.run_all_reinforcement_tests()
            Let end_time be get_current_timestamp_ms()
            Let execution_time be calculate_elapsed_time(start_time, end_time)
            
            Let success be test_suite.failed_tests == 0
            
            Return ModuleTestResult with module_name: module_name, test_suite: test_suite, execution_time_ms: execution_time, success: success, error_message: ""
            
        Otherwise If module_name == "metrics":
            Let test_suite be MetricsTests.run_all_metrics_tests()
            Let end_time be get_current_timestamp_ms()
            Let execution_time be calculate_elapsed_time(start_time, end_time)
            
            Let success be test_suite.failed_tests == 0
            
            Return ModuleTestResult with module_name: module_name, test_suite: test_suite, execution_time_ms: execution_time, success: success, error_message: ""
            
        Otherwise If module_name == "embeddings":
            Let test_suite be EmbeddingsTests.run_all_embedding_tests()
            Let end_time be get_current_timestamp_ms()
            Let execution_time be calculate_elapsed_time(start_time, end_time)
            
            Let success be test_suite.failed_tests == 0
            
            Return ModuleTestResult with module_name: module_name, test_suite: test_suite, execution_time_ms: execution_time, success: success, error_message: ""
            
        Otherwise:
            Let end_time be get_current_timestamp_ms()
            Let execution_time be calculate_elapsed_time(start_time, end_time)
            
            Note: Create empty test suite for unknown module
            Let empty_suite be TestSuite with suite_name: "Unknown Module", total_tests: 0, passed_tests: 0, failed_tests: 1, results: List[TestResult]()
            
            Return ModuleTestResult with module_name: module_name, test_suite: empty_suite, execution_time_ms: execution_time, success: false, error_message: "Unknown module: " + module_name
    
    Catch error:
        Let end_time be get_current_timestamp_ms()
        Let execution_time be calculate_elapsed_time(start_time, end_time)
        
        Note: Create error test suite
        Let error_suite be TestSuite with suite_name: module_name + " (ERROR)", total_tests: 1, passed_tests: 0, failed_tests: 1, results: List[TestResult]()
        
        Return ModuleTestResult with module_name: module_name, test_suite: error_suite, execution_time_ms: execution_time, success: false, error_message: "Exception: " + error.message

Process called "run_all_ai_math_tests" that takes no parameters returns AggregatedTestResults:
    Note: Run all AI math module tests and aggregate results
    
    Let start_time be get_current_timestamp_ms()
    
    Note: Define all modules to test
    Let module_names be List[String]()
    Call module_names.add("neural_ops")
    Call module_names.add("loss_functions")
    Call module_names.add("optimization")
    Call module_names.add("attention")
    Call module_names.add("reinforcement")
    Call module_names.add("metrics")
    Call module_names.add("embeddings")
    
    Note: Run tests for each module
    Let module_results be List[ModuleTestResult]()
    Let total_modules be module_names.length
    Let passed_modules be 0
    Let failed_modules be 0
    Let total_tests be 0
    Let total_passed be 0
    Let total_failed be 0
    
    Let i be 0
    While i < module_names.length:
        Let module_name be module_names.get(i)
        
        Display "Running tests for module: " + module_name + "..."
        
        Let module_result be run_module_tests(module_name)
        Call module_results.add(module_result)
        
        Note: Update aggregated statistics
        Set total_tests to total_tests + module_result.test_suite.total_tests
        Set total_passed to total_passed + module_result.test_suite.passed_tests
        Set total_failed to total_failed + module_result.test_suite.failed_tests
        
        If module_result.success:
            Set passed_modules to passed_modules + 1
            Display "‚úì " + module_name + " tests passed (" + module_result.test_suite.total_tests.to_string() + " tests, " + module_result.execution_time_ms.to_string() + "ms)"
        Otherwise:
            Set failed_modules to failed_modules + 1
            Display "‚úó " + module_name + " tests failed (" + module_result.test_suite.failed_tests.to_string() + "/" + module_result.test_suite.total_tests.to_string() + " failed)"
            If module_result.error_message.length > 0:
                Display "  Error: " + module_result.error_message
        
        Set i to i + 1
    
    Let end_time be get_current_timestamp_ms()
    Let total_execution_time be calculate_elapsed_time(start_time, end_time)
    
    Note: Calculate overall success rate
    Let overall_success_rate be 0.0
    If total_tests > 0:
        Set overall_success_rate to (total_passed.to_float() / total_tests.to_float()) * 100.0
    
    Return AggregatedTestResults with total_modules: total_modules, passed_modules: passed_modules, failed_modules: failed_modules, total_tests: total_tests, total_passed: total_passed, total_failed: total_failed, overall_success_rate: overall_success_rate, execution_time_ms: total_execution_time, module_results: module_results

Note: ===== Detailed Reporting =====

Process called "print_detailed_report" that takes results as AggregatedTestResults returns String:
    Note: Generate detailed test report with module breakdown
    
    Let report be "\n" + "="*80 + "\n"
    Set report to report + "           AI MATHEMATICS MODULE TEST SUITE REPORT\n"
    Set report to report + "="*80 + "\n\n"
    
    Note: Overall summary
    Set report to report + "OVERALL SUMMARY:\n"
    Set report to report + "  Total Modules: " + results.total_modules.to_string() + "\n"
    Set report to report + "  Passed Modules: " + results.passed_modules.to_string() + "\n"
    Set report to report + "  Failed Modules: " + results.failed_modules.to_string() + "\n"
    Set report to report + "  Total Tests: " + results.total_tests.to_string() + "\n"
    Set report to report + "  Passed Tests: " + results.total_passed.to_string() + "\n"
    Set report to report + "  Failed Tests: " + results.total_failed.to_string() + "\n"
    Set report to report + "  Success Rate: " + results.overall_success_rate.to_string() + "%\n"
    Set report to report + "  Total Execution Time: " + results.execution_time_ms.to_string() + "ms\n\n"
    
    Note: Module breakdown
    Set report to report + "MODULE BREAKDOWN:\n"
    Set report to report + "-"*80 + "\n"
    
    Let i be 0
    While i < results.module_results.length:
        Let module_result be results.module_results.get(i)
        
        Set report to report + "\n" + module_result.module_name.to_upper() + " MODULE:\n"
        Set report to report + "  Status: "
        
        If module_result.success:
            Set report to report + "PASSED ‚úì\n"
        Otherwise:
            Set report to report + "FAILED ‚úó\n"
        
        Set report to report + "  Tests: " + module_result.test_suite.passed_tests.to_string() + "/" + module_result.test_suite.total_tests.to_string() + " passed"
        
        If module_result.test_suite.total_tests > 0:
            Let module_success_rate be (module_result.test_suite.passed_tests.to_float() / module_result.test_suite.total_tests.to_float()) * 100.0
            Set report to report + " (" + module_success_rate.to_string() + "%)\n"
        Otherwise:
            Set report to report + "\n"
        
        Set report to report + "  Execution Time: " + module_result.execution_time_ms.to_string() + "ms\n"
        
        If module_result.error_message.length > 0:
            Set report to report + "  Error: " + module_result.error_message + "\n"
        
        Note: Show failed tests for this module
        If module_result.test_suite.failed_tests > 0:
            Set report to report + "  Failed Tests:\n"
            
            Let j be 0
            While j < module_result.test_suite.results.length:
                Let test_result be module_result.test_suite.results.get(j)
                If not test_result.passed:
                    Set report to report + "    - " + test_result.test_name + ": " + test_result.error_message + "\n"
                Set j to j + 1
        
        Set i to i + 1
    
    Note: Performance summary
    Set report to report + "\n" + "-"*80 + "\n"
    Set report to report + "PERFORMANCE SUMMARY:\n"
    
    Note: Find slowest module
    Let slowest_module be ""
    Let slowest_time be 0
    Set i to 0
    While i < results.module_results.length:
        Let module_result be results.module_results.get(i)
        If module_result.execution_time_ms > slowest_time:
            Set slowest_time to module_result.execution_time_ms
            Set slowest_module to module_result.module_name
        Set i to i + 1
    
    If slowest_module.length > 0:
        Set report to report + "  Slowest Module: " + slowest_module + " (" + slowest_time.to_string() + "ms)\n"
    
    Note: Calculate average test time
    If results.total_tests > 0:
        Let avg_test_time be results.execution_time_ms.to_float() / results.total_tests.to_float()
        Set report to report + "  Average Test Time: " + avg_test_time.to_string() + "ms per test\n"
    
    Set report to report + "\n" + "="*80 + "\n"
    
    Return report

Process called "print_failure_summary" that takes results as AggregatedTestResults returns String:
    Note: Generate focused summary of failures for quick debugging
    
    If results.total_failed == 0:
        Return "\nüéâ ALL TESTS PASSED! No failures to report.\n"
    
    Let summary be "\n" + "‚ö†Ô∏è  FAILURE SUMMARY ‚ö†Ô∏è" + "\n"
    Set summary to summary + "="*50 + "\n\n"
    
    Set summary to summary + "Failed Modules: " + results.failed_modules.to_string() + "/" + results.total_modules.to_string() + "\n"
    Set summary to summary + "Failed Tests: " + results.total_failed.to_string() + "/" + results.total_tests.to_string() + "\n\n"
    
    Let i be 0
    While i < results.module_results.length:
        Let module_result be results.module_results.get(i)
        
        If not module_result.success or module_result.test_suite.failed_tests > 0:
            Set summary to summary + "üìç " + module_result.module_name + ": "
            
            If module_result.error_message.length > 0:
                Set summary to summary + "MODULE ERROR - " + module_result.error_message + "\n"
            Otherwise:
                Set summary to summary + module_result.test_suite.failed_tests.to_string() + " test(s) failed\n"
                
                Note: List specific failed tests
                Let j be 0
                Let failure_count be 0
                While j < module_result.test_suite.results.length and failure_count < 3:  Note: Limit to first 3 failures
                    Let test_result be module_result.test_suite.results.get(j)
                    If not test_result.passed:
                        Set summary to summary + "   ‚Ä¢ " + test_result.test_name + "\n"
                        Set failure_count to failure_count + 1
                    Set j to j + 1
                
                If module_result.test_suite.failed_tests > 3:
                    Let remaining be module_result.test_suite.failed_tests - 3
                    Set summary to summary + "   ... and " + remaining.to_string() + " more\n"
            
            Set summary to summary + "\n"
        
        Set i to i + 1
    
    Set summary to summary + "üí° TIP: Run individual module tests for detailed debugging.\n"
    Set summary to summary + "="*50 + "\n"
    
    Return summary

Note: ===== Selective Test Execution =====

Process called "run_specific_modules" that takes module_list as List[String] returns AggregatedTestResults:
    Note: Run tests only for specified modules
    
    Let start_time be get_current_timestamp_ms()
    
    Note: Validate module names
    Let valid_modules be List[String]()
    Let all_modules be List[String]()
    Call all_modules.add("neural_ops")
    Call all_modules.add("loss_functions")
    Call all_modules.add("optimization")
    Call all_modules.add("attention")
    Call all_modules.add("reinforcement")
    Call all_modules.add("metrics")
    Call all_modules.add("embeddings")
    
    Let i be 0
    While i < module_list.length:
        Let requested_module be module_list.get(i)
        
        Note: Check if module exists
        Let j be 0
        Let found be false
        While j < all_modules.length and not found:
            If all_modules.get(j) == requested_module:
                Call valid_modules.add(requested_module)
                Set found to true
            Set j to j + 1
        
        If not found:
            Display "Warning: Module '" + requested_module + "' not found. Skipping..."
        
        Set i to i + 1
    
    If valid_modules.length == 0:
        Display "Error: No valid modules specified."
        Return AggregatedTestResults with total_modules: 0, passed_modules: 0, failed_modules: 0, total_tests: 0, total_passed: 0, total_failed: 0, overall_success_rate: 0.0, execution_time_ms: 0, module_results: List[ModuleTestResult]()
    
    Note: Run tests for valid modules
    Let module_results be List[ModuleTestResult]()
    Let total_modules be valid_modules.length
    Let passed_modules be 0
    Let failed_modules be 0
    Let total_tests be 0
    Let total_passed be 0
    Let total_failed be 0
    
    Set i to 0
    While i < valid_modules.length:
        Let module_name be valid_modules.get(i)
        
        Display "Running tests for module: " + module_name + "..."
        
        Let module_result be run_module_tests(module_name)
        Call module_results.add(module_result)
        
        Note: Update statistics
        Set total_tests to total_tests + module_result.test_suite.total_tests
        Set total_passed to total_passed + module_result.test_suite.passed_tests
        Set total_failed to total_failed + module_result.test_suite.failed_tests
        
        If module_result.success:
            Set passed_modules to passed_modules + 1
        Otherwise:
            Set failed_modules to failed_modules + 1
        
        Set i to i + 1
    
    Let end_time be get_current_timestamp_ms()
    Let total_execution_time be calculate_elapsed_time(start_time, end_time)
    
    Let overall_success_rate be 0.0
    If total_tests > 0:
        Set overall_success_rate to (total_passed.to_float() / total_tests.to_float()) * 100.0
    
    Return AggregatedTestResults with total_modules: total_modules, passed_modules: passed_modules, failed_modules: failed_modules, total_tests: total_tests, total_passed: total_passed, total_failed: total_failed, overall_success_rate: overall_success_rate, execution_time_ms: total_execution_time, module_results: module_results

Note: ===== Main Test Runner Functions =====

Process called "run_full_suite" that takes verbose as Boolean returns Integer:
    Note: Run complete AI math test suite with optional verbose output
    
    Display "Starting AI Mathematics Module Test Suite..."
    Display "Testing modules: neural_ops, loss_functions, optimization, attention, reinforcement, metrics, embeddings"
    Display ""
    
    Let results be run_all_ai_math_tests()
    
    Note: Print summary
    Display ""
    Display "="*50
    Display "AI MATH TEST SUITE COMPLETED"
    Display "="*50
    Display "Total Tests: " + results.total_tests.to_string()
    Display "Passed: " + results.total_passed.to_string()
    Display "Failed: " + results.total_failed.to_string()
    Display "Success Rate: " + results.overall_success_rate.to_string() + "%"
    Display "Execution Time: " + results.execution_time_ms.to_string() + "ms"
    Display ""
    
    Note: Show failure summary if there are failures
    If results.total_failed > 0:
        Let failure_summary be print_failure_summary(results)
        Display failure_summary
    
    Note: Show detailed report if verbose
    If verbose:
        Let detailed_report be print_detailed_report(results)
        Display detailed_report
    
    Note: Return appropriate exit code
    If results.total_failed == 0:
        Display "üéâ All AI math tests passed successfully!"
        Return 0
    Otherwise:
        Display "‚ùå Some tests failed. Please review the failures above."
        Return 1

Process called "run_quick_check" that takes no parameters returns Integer:
    Note: Run a quick health check of critical modules
    
    Display "Running quick health check of AI math modules..."
    
    Note: Test only core modules for quick feedback
    Let quick_modules be List[String]()
    Call quick_modules.add("neural_ops")
    Call quick_modules.add("loss_functions")
    Call quick_modules.add("optimization")
    
    Let results be run_specific_modules(quick_modules)
    
    Display ""
    Display "Quick Check Results:"
    Display "Modules Tested: " + results.total_modules.to_string()
    Display "Tests Run: " + results.total_tests.to_string()
    Display "Success Rate: " + results.overall_success_rate.to_string() + "%"
    
    If results.total_failed == 0:
        Display "‚úÖ Quick check passed!"
        Return 0
    Otherwise:
        Display "‚ùå Quick check failed. Run full suite for details."
        Return 1

Note: ===== Main Entry Points =====

Process called "main" that takes no parameters returns Integer:
    Note: Main entry point - runs full test suite
    Return run_full_suite(false)

Process called "main_verbose" that takes no parameters returns Integer:
    Note: Verbose main entry point - runs full suite with detailed reporting
    Return run_full_suite(true)

Process called "main_quick" that takes no parameters returns Integer:
    Note: Quick check entry point - runs core modules only
    Return run_quick_check()