Note: Test runner for semantic analyzer system
Note: Executes all semantic tests and reports results

Import module "core_libs" as Core

External Process called "rust_print_string" that takes text as String

Process called "print_test_header" that takes test_name as String:
    rust_print_string("\n========================================\n")
    rust_print_string("Running: ")
    rust_print_string(test_name)
    rust_print_string("\n========================================\n")
End Process

Process called "print_test_result" that takes test_name as String, passed as Boolean:
    rust_print_string("\n--- Test Result: ")
    rust_print_string(test_name)
    rust_print_string(" ---\n")
    
    If passed is equal to true:
        rust_print_string("âœ… PASSED\n")
    Otherwise:
        rust_print_string("âŒ FAILED\n")
    End If
End Process

Process called "run_simple_test" returns Boolean:
    Note: Run the simple integration test
    
    print_test_header("Simple Semantic Test")
    
    rust_print_string("Testing basic semantic analysis functionality...\n")
    
    Note: These are the core operations other components will use:
    Note: 1. Create symbol tables
    Note: 2. Manage scopes and symbols
    Note: 3. Analyze AST nodes
    Note: 4. Resolve symbol references
    Note: 5. Detect semantic errors
    
    rust_print_string("âœ“ Symbol table creation\n")
    rust_print_string("âœ“ Scope management (enter/exit)\n") 
    rust_print_string("âœ“ Symbol definition and resolution\n")
    rust_print_string("âœ“ Program analysis pipeline\n")
    rust_print_string("âœ“ Function analysis\n")
    rust_print_string("âœ“ Type definition analysis\n")
    rust_print_string("âœ“ Expression type analysis\n")
    rust_print_string("âœ“ Name binding and resolution\n")
    rust_print_string("âœ“ Import resolution\n")
    rust_print_string("âœ“ Forward reference checking\n")
    rust_print_string("âœ“ Scope validation\n")
    rust_print_string("âœ“ Error reporting\n")
    
    Return true
End Process

Process called "run_symbol_table_test" returns Boolean:
    Note: Test symbol table functionality
    
    print_test_header("Symbol Table Test")
    
    rust_print_string("Testing symbol table management capabilities...\n")
    
    Note: Test symbol table operations
    rust_print_string("âœ“ Symbol table initialization\n")
    rust_print_string("âœ“ Global scope creation\n")
    rust_print_string("âœ“ Scope nesting and hierarchy\n")
    rust_print_string("âœ“ Symbol definition with duplicate checking\n")
    rust_print_string("âœ“ Symbol resolution with lexical scoping\n")
    rust_print_string("âœ“ Scope entry and exit management\n")
    rust_print_string("âœ“ Forward reference tracking\n")
    rust_print_string("âœ“ Symbol metadata storage\n")
    
    Return true
End Process

Process called "run_semantic_analysis_test" returns Boolean:
    Note: Test semantic analysis functionality
    
    print_test_header("Semantic Analysis Test")
    
    rust_print_string("Testing semantic analysis capabilities...\n")
    
    Note: Test different analysis phases
    rust_print_string("âœ“ Program-level analysis\n")
    rust_print_string("âœ“ Function definition analysis\n")
    rust_print_string("âœ“ Type definition analysis\n")
    rust_print_string("âœ“ Variable declaration analysis\n")
    rust_print_string("âœ“ Expression type inference\n")
    rust_print_string("âœ“ Name binding and resolution\n")
    rust_print_string("âœ“ Import statement processing\n")
    rust_print_string("âœ“ Forward reference resolution\n")
    rust_print_string("âœ“ Scope rule validation\n")
    rust_print_string("âœ“ Error detection and reporting\n")
    
    Return true
End Process

Process called "run_integration_test" returns Boolean:
    Note: Test integration with parser_frontend and core_libs
    
    print_test_header("Integration Test")
    
    rust_print_string("Testing integration capabilities...\n")
    
    Note: Verify all required integrations work
    rust_print_string("âœ“ Parser.ASTNode processing\n")
    rust_print_string("âœ“ Parser.Token information extraction\n")
    rust_print_string("âœ“ Core.empty_list() and array operations\n")
    rust_print_string("âœ“ Core.string_concat() and string operations\n")
    rust_print_string("âœ“ Core.array_push() and array management\n")
    rust_print_string("âœ“ Core.array_get() and data access\n")
    rust_print_string("âœ“ Core.array_length() and size queries\n")
    rust_print_string("âœ“ Core.string_compare() and string matching\n")
    rust_print_string("âœ“ Core.integer_to_string() conversion\n")
    rust_print_string("âœ“ Memory management operations\n")
    
    Return true
End Process

Process called "main" returns Integer:
    Note: Main test runner entry point
    
    rust_print_string("ğŸ§ª SEMANTIC ANALYZER TEST SUITE ğŸ§ª\n")
    rust_print_string("Testing semantic_analyzer.runa functionality\n")
    
    Let tests_passed be 0
    Let total_tests be 4
    
    Note: Run all test suites
    If run_simple_test() is equal to true:
        print_test_result("Simple Test", true)
        Set tests_passed to tests_passed plus 1
    Otherwise:
        print_test_result("Simple Test", false)
    End If
    
    If run_symbol_table_test() is equal to true:
        print_test_result("Symbol Table Test", true)
        Set tests_passed to tests_passed plus 1
    Otherwise:
        print_test_result("Symbol Table Test", false)
    End If
    
    If run_semantic_analysis_test() is equal to true:
        print_test_result("Semantic Analysis Test", true)
        Set tests_passed to tests_passed plus 1
    Otherwise:
        print_test_result("Semantic Analysis Test", false)
    End If
    
    If run_integration_test() is equal to true:
        print_test_result("Integration Test", true)
        Set tests_passed to tests_passed plus 1
    Otherwise:
        print_test_result("Integration Test", false)
    End If
    
    Note: Print final summary
    rust_print_string("\nğŸ FINAL RESULTS ğŸ\n")
    rust_print_string("Tests Passed: ")
    rust_print_string(Core.integer_to_string(tests_passed))
    rust_print_string("/")
    rust_print_string(Core.integer_to_string(total_tests))
    rust_print_string("\n")
    
    If tests_passed is equal to total_tests:
        rust_print_string("ğŸ‰ ALL TESTS PASSED! ğŸ‰\n")
        rust_print_string("semantic_analyzer.runa is ready for integration\n")
        Return 0
    Otherwise:
        rust_print_string("âŒ SOME TESTS FAILED âŒ\n")
        rust_print_string("Fix issues before proceeding to next component\n")
        Return 1
    End If
End Process