Note:
tests/unit/libraries/math/financial/financial_test_runner.runa
Financial Module Test Runner - Comprehensive Financial Mathematics Testing Suite

This test runner coordinates and executes all financial module tests including
options pricing, risk management, portfolio optimization, time series analysis,
fixed income securities, and derivative instruments. It provides comprehensive
coverage of quantitative finance functionality and performance benchmarking.
:End Note

Import "tests/unit/libraries/math/financial/options_test" as OptionsTest
Import "tests/unit/libraries/math/financial/risk_test" as RiskTest
Import "tests/unit/libraries/math/financial/portfolio_test" as PortfolioTest
Import "tests/unit/libraries/math/financial/time_series_test" as TimeSeriesTest
Import "tests/unit/libraries/math/financial/fixed_income_test" as FixedIncomeTest
Import "tests/unit/libraries/math/financial/derivatives_test" as DerivativesTest

Note: =====================================================================
Note: FINANCIAL MODULE TEST COORDINATION
Note: =====================================================================

Type called "TestResults":
    module_name as String
    tests_passed as Integer
    total_tests as Integer
    success_rate as Float
    execution_time as Float
    status as String

Type called "FinancialTestSuite":
    suite_name as String
    test_modules as List[String]
    overall_results as List[TestResults]
    total_passed as Integer
    total_tests as Integer
    overall_success_rate as Float
    total_execution_time as Float

Process called "get_current_time" that returns Float:
    Note: Get current timestamp for performance measurement
    Return 1704067200.0  Note: Placeholder - would use actual system time

Process called "format_execution_time" that takes seconds as Float returns String:
    Note: Format execution time for display
    If seconds < 1.0:
        Let milliseconds be seconds * 1000.0
        Return milliseconds.to_string() + "ms"
    Otherwise:
        Return seconds.to_string() + "s"

Process called "calculate_success_rate" that takes passed as Integer and total as Integer returns Float:
    Note: Calculate success rate percentage
    If total == 0:
        Return 0.0
    Otherwise:
        Return (passed.to_float() / total.to_float()) * 100.0

Note: =====================================================================
Note: INDIVIDUAL MODULE TEST EXECUTION
Note: =====================================================================

Process called "run_options_tests" that returns TestResults:
    Print("üìä Executing Options Pricing Tests...")
    Print("=" * 50)
    
    Let start_time be get_current_time()
    Let [passed, total] be OptionsTest.run_all_options_tests()
    Let execution_time be get_current_time() - start_time
    
    Let results be TestResults
    results.module_name = "Options Pricing"
    results.tests_passed = passed
    results.total_tests = total
    results.success_rate = calculate_success_rate(passed, total)
    results.execution_time = execution_time
    
    If passed == total:
        results.status = "PASSED"
    Otherwise:
        results.status = "FAILED"
    
    Print("Options Pricing Module: " + results.status)
    Print("Execution Time: " + format_execution_time(execution_time))
    Print("")
    
    Return results

Process called "run_risk_tests" that returns TestResults:
    Print("‚ö†Ô∏è  Executing Risk Management Tests...")
    Print("=" * 50)
    
    Let start_time be get_current_time()
    Let [passed, total] be RiskTest.run_all_risk_tests()
    Let execution_time be get_current_time() - start_time
    
    Let results be TestResults
    results.module_name = "Risk Management"
    results.tests_passed = passed
    results.total_tests = total
    results.success_rate = calculate_success_rate(passed, total)
    results.execution_time = execution_time
    
    If passed == total:
        results.status = "PASSED"
    Otherwise:
        results.status = "FAILED"
    
    Print("Risk Management Module: " + results.status)
    Print("Execution Time: " + format_execution_time(execution_time))
    Print("")
    
    Return results

Process called "run_portfolio_tests" that returns TestResults:
    Print("üìà Executing Portfolio Optimization Tests...")
    Print("=" * 50)
    
    Let start_time be get_current_time()
    Let [passed, total] be PortfolioTest.run_all_portfolio_tests()
    Let execution_time be get_current_time() - start_time
    
    Let results be TestResults
    results.module_name = "Portfolio Optimization"
    results.tests_passed = passed
    results.total_tests = total
    results.success_rate = calculate_success_rate(passed, total)
    results.execution_time = execution_time
    
    If passed == total:
        results.status = "PASSED"
    Otherwise:
        results.status = "FAILED"
    
    Print("Portfolio Optimization Module: " + results.status)
    Print("Execution Time: " + format_execution_time(execution_time))
    Print("")
    
    Return results

Process called "run_time_series_tests" that returns TestResults:
    Print("üìâ Executing Time Series Analysis Tests...")
    Print("=" * 50)
    
    Let start_time be get_current_time()
    Let [passed, total] be TimeSeriesTest.run_all_time_series_tests()
    Let execution_time be get_current_time() - start_time
    
    Let results be TestResults
    results.module_name = "Time Series Analysis"
    results.tests_passed = passed
    results.total_tests = total
    results.success_rate = calculate_success_rate(passed, total)
    results.execution_time = execution_time
    
    If passed == total:
        results.status = "PASSED"
    Otherwise:
        results.status = "FAILED"
    
    Print("Time Series Analysis Module: " + results.status)
    Print("Execution Time: " + format_execution_time(execution_time))
    Print("")
    
    Return results

Process called "run_fixed_income_tests" that returns TestResults:
    Print("üè¶ Executing Fixed Income Tests...")
    Print("=" * 50)
    
    Let start_time be get_current_time()
    Let [passed, total] be FixedIncomeTest.run_all_fixed_income_tests()
    Let execution_time be get_current_time() - start_time
    
    Let results be TestResults
    results.module_name = "Fixed Income Securities"
    results.tests_passed = passed
    results.total_tests = total
    results.success_rate = calculate_success_rate(passed, total)
    results.execution_time = execution_time
    
    If passed == total:
        results.status = "PASSED"
    Otherwise:
        results.status = "FAILED"
    
    Print("Fixed Income Securities Module: " + results.status)
    Print("Execution Time: " + format_execution_time(execution_time))
    Print("")
    
    Return results

Process called "run_derivatives_tests" that returns TestResults:
    Print("üíº Executing Derivatives Tests...")
    Print("=" * 50)
    
    Let start_time be get_current_time()
    Let [passed, total] be DerivativesTest.run_all_derivatives_tests()
    Let execution_time be get_current_time() - start_time
    
    Let results be TestResults
    results.module_name = "Derivative Instruments"
    results.tests_passed = passed
    results.total_tests = total
    results.success_rate = calculate_success_rate(passed, total)
    results.execution_time = execution_time
    
    If passed == total:
        results.status = "PASSED"
    Otherwise:
        results.status = "FAILED"
    
    Print("Derivative Instruments Module: " + results.status)
    Print("Execution Time: " + format_execution_time(execution_time))
    Print("")
    
    Return results

Note: =====================================================================
Note: COMPREHENSIVE REPORTING
Note: =====================================================================

Process called "generate_detailed_report" that takes test_suite as FinancialTestSuite returns Nothing:
    Print("")
    Print("üéØ FINANCIAL MODULE TEST SUITE DETAILED REPORT")
    Print("=" * 80)
    Print("")
    
    Note: Module-by-module breakdown
    Print("üìã MODULE BREAKDOWN:")
    Print("-" * 40)
    For result in test_suite.overall_results:
        Let status_emoji be "‚úÖ"
        If result.status == "FAILED":
            status_emoji = "‚ùå"
        
        Print(status_emoji + " " + result.module_name)
        Print("   Tests: " + result.tests_passed.to_string() + "/" + result.total_tests.to_string() + " (" + result.success_rate.to_string() + "%)")
        Print("   Time:  " + format_execution_time(result.execution_time))
        Print("")
    
    Note: Overall statistics
    Print("üìä OVERALL STATISTICS:")
    Print("-" * 40)
    Print("Total Modules Tested: " + test_suite.test_modules.size().to_string())
    Print("Total Tests Executed: " + test_suite.total_tests.to_string())
    Print("Total Tests Passed:   " + test_suite.total_passed.to_string())
    Print("Overall Success Rate: " + test_suite.overall_success_rate.to_string() + "%")
    Print("Total Execution Time: " + format_execution_time(test_suite.total_execution_time))
    Print("")
    
    Note: Performance analysis
    Print("‚ö° PERFORMANCE ANALYSIS:")
    Print("-" * 40)
    Let fastest_module be ""
    Let slowest_module be ""
    Let fastest_time be 999999.0
    Let slowest_time be 0.0
    
    For result in test_suite.overall_results:
        If result.execution_time < fastest_time:
            fastest_time = result.execution_time
            fastest_module = result.module_name
        
        If result.execution_time > slowest_time:
            slowest_time = result.execution_time
            slowest_module = result.module_name
    
    Print("Fastest Module: " + fastest_module + " (" + format_execution_time(fastest_time) + ")")
    Print("Slowest Module: " + slowest_module + " (" + format_execution_time(slowest_time) + ")")
    
    Let avg_time_per_test be test_suite.total_execution_time / test_suite.total_tests.to_float()
    Print("Average Time Per Test: " + format_execution_time(avg_time_per_test))
    Print("")
    
    Note: Quality metrics
    Print("üîç QUALITY METRICS:")
    Print("-" * 40)
    Let modules_passed be 0
    For result in test_suite.overall_results:
        If result.status == "PASSED":
            modules_passed = modules_passed + 1
    
    Let module_pass_rate be (modules_passed.to_float() / test_suite.overall_results.size().to_float()) * 100.0
    Print("Module Pass Rate: " + module_pass_rate.to_string() + "% (" + modules_passed.to_string() + "/" + test_suite.overall_results.size().to_string() + ")")
    
    If test_suite.overall_success_rate >= 95.0:
        Print("Test Coverage Quality: EXCELLENT")
    Otherwise:
        If test_suite.overall_success_rate >= 85.0:
            Print("Test Coverage Quality: GOOD")
        Otherwise:
            If test_suite.overall_success_rate >= 75.0:
                Print("Test Coverage Quality: ADEQUATE")
            Otherwise:
                Print("Test Coverage Quality: NEEDS IMPROVEMENT")
    
    Print("")

Process called "generate_summary_report" that takes test_suite as FinancialTestSuite returns Nothing:
    Print("üéâ FINANCIAL MODULE TEST SUITE SUMMARY")
    Print("=" * 60)
    
    If test_suite.overall_success_rate == 100.0:
        Print("üèÜ PERFECT SCORE! All financial module tests passed!")
        Print("   The financial mathematics library is fully validated.")
    Otherwise:
        If test_suite.overall_success_rate >= 95.0:
            Print("üåü EXCELLENT! Financial module tests mostly successful.")
            Print("   " + test_suite.total_passed.to_string() + "/" + test_suite.total_tests.to_string() + " tests passed (" + test_suite.overall_success_rate.to_string() + "%)")
        Otherwise:
            If test_suite.overall_success_rate >= 85.0:
                Print("üëç GOOD! Most financial module tests passed.")
                Print("   " + test_suite.total_passed.to_string() + "/" + test_suite.total_tests.to_string() + " tests passed (" + test_suite.overall_success_rate.to_string() + "%)")
            Otherwise:
                Print("‚ö†Ô∏è  ATTENTION NEEDED! Some financial tests failed.")
                Print("   " + test_suite.total_passed.to_string() + "/" + test_suite.total_tests.to_string() + " tests passed (" + test_suite.overall_success_rate.to_string() + "%)")
    
    Print("")
    Print("Modules Tested: Options, Risk, Portfolio, Time Series, Fixed Income, Derivatives")
    Print("Total Execution Time: " + format_execution_time(test_suite.total_execution_time))
    
    If test_suite.total_execution_time > 30.0:
        Print("‚è±Ô∏è  Note: Consider optimizing performance for faster test execution")
    
    Print("")

Note: =====================================================================
Note: MAIN TEST SUITE EXECUTION
Note: =====================================================================

Process called "run_financial_test_suite" that returns FinancialTestSuite:
    Print("")
    Print("üöÄ STARTING COMPREHENSIVE FINANCIAL MODULE TEST SUITE")
    Print("=" * 80)
    Print("Testing Runa Financial Mathematics Library")
    Print("Modules: Options, Risk Management, Portfolio Optimization,")
    Print("         Time Series Analysis, Fixed Income, Derivatives")
    Print("")
    
    Let test_suite be FinancialTestSuite
    test_suite.suite_name = "Runa Financial Mathematics Test Suite"
    test_suite.test_modules = List[String]()
    test_suite.overall_results = List[TestResults]()
    test_suite.total_passed = 0
    test_suite.total_tests = 0
    test_suite.total_execution_time = 0.0
    
    Note: Initialize module list
    test_suite.test_modules.add("Options Pricing")
    test_suite.test_modules.add("Risk Management")
    test_suite.test_modules.add("Portfolio Optimization")
    test_suite.test_modules.add("Time Series Analysis")
    test_suite.test_modules.add("Fixed Income Securities")
    test_suite.test_modules.add("Derivative Instruments")
    
    Let suite_start_time be get_current_time()
    
    Note: Execute all module tests
    Let options_results be run_options_tests()
    test_suite.overall_results.add(options_results)
    test_suite.total_passed = test_suite.total_passed + options_results.tests_passed
    test_suite.total_tests = test_suite.total_tests + options_results.total_tests
    test_suite.total_execution_time = test_suite.total_execution_time + options_results.execution_time
    
    Let risk_results be run_risk_tests()
    test_suite.overall_results.add(risk_results)
    test_suite.total_passed = test_suite.total_passed + risk_results.tests_passed
    test_suite.total_tests = test_suite.total_tests + risk_results.total_tests
    test_suite.total_execution_time = test_suite.total_execution_time + risk_results.execution_time
    
    Let portfolio_results be run_portfolio_tests()
    test_suite.overall_results.add(portfolio_results)
    test_suite.total_passed = test_suite.total_passed + portfolio_results.tests_passed
    test_suite.total_tests = test_suite.total_tests + portfolio_results.total_tests
    test_suite.total_execution_time = test_suite.total_execution_time + portfolio_results.execution_time
    
    Let timeseries_results be run_time_series_tests()
    test_suite.overall_results.add(timeseries_results)
    test_suite.total_passed = test_suite.total_passed + timeseries_results.tests_passed
    test_suite.total_tests = test_suite.total_tests + timeseries_results.total_tests
    test_suite.total_execution_time = test_suite.total_execution_time + timeseries_results.execution_time
    
    Let fixedincome_results be run_fixed_income_tests()
    test_suite.overall_results.add(fixedincome_results)
    test_suite.total_passed = test_suite.total_passed + fixedincome_results.tests_passed
    test_suite.total_tests = test_suite.total_tests + fixedincome_results.total_tests
    test_suite.total_execution_time = test_suite.total_execution_time + fixedincome_results.execution_time
    
    Let derivatives_results be run_derivatives_tests()
    test_suite.overall_results.add(derivatives_results)
    test_suite.total_passed = test_suite.total_passed + derivatives_results.tests_passed
    test_suite.total_tests = test_suite.total_tests + derivatives_results.total_tests
    test_suite.total_execution_time = test_suite.total_execution_time + derivatives_results.execution_time
    
    Note: Calculate overall success rate
    test_suite.overall_success_rate = calculate_success_rate(test_suite.total_passed, test_suite.total_tests)
    
    Note: Generate comprehensive reporting
    generate_detailed_report(test_suite)
    generate_summary_report(test_suite)
    
    Return test_suite

Note: =====================================================================
Note: COMMAND LINE INTERFACE
Note: =====================================================================

Process called "run_specific_module" that takes module_name as String returns TestResults:
    Print("üéØ Running specific module: " + module_name)
    Print("")
    
    If module_name == "options":
        Return run_options_tests()
    Otherwise:
        If module_name == "risk":
            Return run_risk_tests()
        Otherwise:
            If module_name == "portfolio":
                Return run_portfolio_tests()
            Otherwise:
                If module_name == "timeseries":
                    Return run_time_series_tests()
                Otherwise:
                    If module_name == "fixedincome":
                        Return run_fixed_income_tests()
                    Otherwise:
                        If module_name == "derivatives":
                            Return run_derivatives_tests()
                        Otherwise:
                            Print("‚ùå Unknown module: " + module_name)
                            Print("Available modules: options, risk, portfolio, timeseries, fixedincome, derivatives")
                            
                            Let empty_result be TestResults
                            empty_result.module_name = "Unknown"
                            empty_result.tests_passed = 0
                            empty_result.total_tests = 0
                            empty_result.success_rate = 0.0
                            empty_result.execution_time = 0.0
                            empty_result.status = "ERROR"
                            Return empty_result

Process called "main" that returns Nothing:
    Note: Main entry point for financial test suite execution
    Let test_suite be run_financial_test_suite()
    
    Note: Exit with appropriate code
    If test_suite.overall_success_rate == 100.0:
        Print("üéØ All tests passed successfully!")
    Otherwise:
        Print("‚ö†Ô∏è  Some tests failed. Check the detailed report above.")

Note: =====================================================================
Note: UTILITY FUNCTIONS FOR INTEGRATION
Note: =====================================================================

Process called "get_test_suite_status" that returns [Integer, Integer, Float]:
    Note: Quick status check for integration with other test systems
    Let test_suite be run_financial_test_suite()
    Return [test_suite.total_passed, test_suite.total_tests, test_suite.overall_success_rate]

Process called "validate_financial_module" that returns Boolean:
    Note: Binary validation - returns true if all financial tests pass
    Let test_suite be run_financial_test_suite()
    Return test_suite.overall_success_rate == 100.0