Test Results - Fri Oct  3 01:58:51 EDT 2025
========================================
PASSED: test_arithmetic_ops
Output:
25
15
100
4
2

PASSED: test_array_indexing
Output:
10
30
50

PASSED: test_basic_types
Output:
42
Hello Runa
65

PASSED: test_bitwise_ops
Output:
4
13
9
48
3

FAILED: test_boolean_literals (compilation error)
6
[CODEGEN ERROR] Undefined variable: 
true

PASSED: test_break_continue
Output:
25
5

PASSED: test_comments
Output:
10
20

PASSED: test_comparison_ops
Output:
PASS: is equal to
PASS: is not equal to
PASS: is less than
PASS: is greater than
PASS: is less than or equal to
PASS: is greater than or equal to
PASS: is not less than
PASS: is not greater than

PASSED: test_compound_assignment
Output:
15
23
20
35
12
12
10
20

PASSED: test_control_flow
Output:
PASS: If condition true
PASS: If condition false
PASS: Else If condition true
10

PASSED: test_deep_recursion
Output:

PASSED: test_division_by_zero
Output:

PASSED: test_field_access
Output:
10
20
200

PASSED: test_for_loops
Output:
15
30
45

PASSED: test_functions
Output:
15
12
27

PASSED: test_import_syntax
Output:
Import syntax test passed

FAILED: test_imports (compilation error)
[MAIN ERROR] Could not open input file 'tests/unit/test_imports_helper.runa'
[IMPORT ERROR] Failed to read import file: tests/unit/test_imports_helper.runa

PASSED: test_inline_assembly
Output:

PASSED: test_integer_overflow
Output:

PASSED: test_large_numbers
Output:

PASSED: test_logical_ops
Output:
PASS: and (both true)
PASS: and (first false)
PASS: and (second false)
PASS: or (both true)
PASS: or (first true)
PASS: or (second true)
PASS: or (both false)

PASSED: test_negate_variable
Output:

PASSED: test_negative_numbers
Output:
18446744073709551611
18446744073709551609
18446744073709551611
18446744073709551604
PASS: negative is less than 0

PASSED: test_parentheses
Output:
30
27
20
15

PASSED: test_simple_negate
Output:

PASSED: test_structs
Output:
10
20

PASSED: test_variables
Output:
10
20
30
40
35


========================================
Summary
========================================
Total:   27
Passed:  25
Failed:  2
Skipped: 1
