Note: Bootstrap Stage Validator - Comprehensive validation system for bootstrap progression
Note: Ensures each stage meets requirements before advancing to next stage

External Process called "rust_print_string" that takes text as String
External Process called "rust_file_exists" that takes path as String returns Boolean
External Process called "rust_execute_command" that takes command as String returns Integer
External Process called "rust_read_file" that takes path as String returns String
External Process called "rust_write_file" that takes path as String, content as String returns Boolean
External Process called "rust_get_file_size" that takes path as String returns Integer
External Process called "rust_current_time" returns Integer

Type called "ValidationCriteria":
    criterion_name as String
    description as String
    is_critical as Boolean
    validation_function as String
End Type

Type called "ValidationResult":
    criterion as ValidationCriteria
    passed as Boolean
    message as String
    execution_time as Integer
    details as List[String]
End Type

Type called "StageValidation":
    stage_name as String
    stage_number as String
    validation_results as List[ValidationResult]
    critical_failures as Integer
    non_critical_failures as Integer
    total_criteria as Integer
    overall_passed as Boolean
    validation_timestamp as Integer
End Type

Process called "create_validation_criteria" that takes name as String, desc as String, critical as Boolean, func as String returns ValidationCriteria:
    Let criteria be ValidationCriteria with criterion_name = name, description = desc, is_critical = critical, validation_function = func
    Return criteria
End Process

Process called "create_validation_result" that takes criteria as ValidationCriteria, passed as Boolean, message as String, time as Integer returns ValidationResult:
    Let result be ValidationResult with criterion = criteria, passed = passed, message = message, execution_time = time, details = []
    Return result
End Process

Process called "add_validation_detail" that takes result as ValidationResult, detail as String returns Nothing:
    Add detail to result.details
End Process

Process called "print_validation_header" that takes stage_name as String returns Nothing:
    rust_print_string("â•”â•â•â•â•â•â•â•â•â•â•â•â•â•â•â•â•â•â•â•â•â•â•â•â•â•â•â•â•â•â•â•â•â•â•â•â•â•â•â•â•â•â•â•â•â•â•â•â•â•â•â•â•â•â•â•â•â•â•â•â•â•â•â•â•â•â•â•—\n")
    rust_print_string("â•‘                    STAGE VALIDATION: ")
    rust_print_string(stage_name)
    rust_print_string("                    â•‘\n")
    rust_print_string("â•šâ•â•â•â•â•â•â•â•â•â•â•â•â•â•â•â•â•â•â•â•â•â•â•â•â•â•â•â•â•â•â•â•â•â•â•â•â•â•â•â•â•â•â•â•â•â•â•â•â•â•â•â•â•â•â•â•â•â•â•â•â•â•â•â•â•â•â•\n\n")
End Process

Process called "print_validation_result" that takes result as ValidationResult returns Nothing:
    If result.passed:
        rust_print_string("âœ… ")
    Otherwise:
        If result.criterion.is_critical:
            rust_print_string("ğŸš« ")
        Otherwise:
            rust_print_string("âš ï¸  ")
        End If
    End If
    
    rust_print_string(result.criterion.criterion_name)
    rust_print_string(": ")
    rust_print_string(result.message)
    rust_print_string(" (")
    rust_print_string(Core.integer_to_string(result.execution_time))
    rust_print_string("ms)")
    
    If result.criterion.is_critical:
        rust_print_string(" [CRITICAL]")
    End If
    
    rust_print_string("\n")
    
    For Each detail in result.details:
        rust_print_string("   â†’ ")
        rust_print_string(detail)
        rust_print_string("\n")
    End For
End Process

Process called "validate_stage_0_1_rust_compiler" returns ValidationResult:
    Note: Validate that runa-bootstrap Rust compiler is functional
    
    Let start_time be rust_current_time()
    Let criteria be create_validation_criteria("Rust Compiler Build", "runa-bootstrap must build without errors", true, "cargo_build")
    
    Note: Test cargo build
    Let build_result be rust_execute_command("cd ../runa-bootstrap && cargo build --release 2>&1")
    
    Let end_time be rust_current_time()
    Let execution_time be end_time minus start_time
    
    If build_result is equal to 0:
        Note: Check that binary was produced
        If rust_file_exists("../runa-bootstrap/target/release/runac"):
            Let result be create_validation_result(criteria, true, "Rust compiler built successfully", execution_time)
            add_validation_detail(result, "runac binary created at target/release/runac")
            Return result
        Otherwise:
            Let result be create_validation_result(criteria, false, "Build succeeded but runac binary not found", execution_time)
            Return result
        End If
    Otherwise:
        Let result be create_validation_result(criteria, false, "Cargo build failed", execution_time)
        add_validation_detail(result, "Check Rust installation and dependencies")
        Return result
    End If
End Process

Process called "validate_stage_0_1_minimal_runtime" returns ValidationResult:
    Note: Validate that minimal runtime library works
    
    Let start_time be rust_current_time()
    Let criteria be create_validation_criteria("Minimal Runtime", "C runtime library must compile and provide required functions", true, "runtime_compile")
    
    Note: Check if minimal_runtime.c exists
    If rust_file_exists("../runa-bootstrap/src/minimal_runtime.c") is equal to false:
        Let end_time be rust_current_time()
        Let result be create_validation_result(criteria, false, "minimal_runtime.c not found", end_time minus start_time)
        Return result
    End If
    
    Note: Compile runtime library
    Let compile_result be rust_execute_command("cd ../runa-bootstrap && gcc -shared -fPIC -o libminimal_runtime.so src/minimal_runtime.c 2>&1")
    
    Let end_time be rust_current_time()
    Let execution_time be end_time minus start_time
    
    If compile_result is equal to 0:
        Let result be create_validation_result(criteria, true, "Minimal runtime compiled successfully", execution_time)
        add_validation_detail(result, "libminimal_runtime.so created")
        
        Note: Test the runtime with direct C test
        If rust_file_exists("../runa-bootstrap/test_runtime_direct.c"):
            Let test_result be rust_execute_command("cd ../runa-bootstrap && gcc -o test_runtime_direct test_runtime_direct.c -L. -lminimal_runtime -Wl,-rpath,. && ./test_runtime_direct")
            If test_result is equal to 0:
                add_validation_detail(result, "Runtime functions verified working")
            Otherwise:
                add_validation_detail(result, "Runtime functions may have issues")
            End If
        End If
        
        Return result
    Otherwise:
        Let result be create_validation_result(criteria, false, "Runtime compilation failed", execution_time)
        add_validation_detail(result, "Check GCC installation and build environment")
        Return result
    End If
End Process

Process called "validate_stage_0_1_basic_parsing" returns ValidationResult:
    Note: Validate that basic Runa parsing works
    
    Let start_time be rust_current_time()
    Let criteria be create_validation_criteria("Basic Parsing", "Must parse simple Runa programs without crashing", false, "parse_test")
    
    Note: Create test program
    Let test_program be "Process called \"test\" returns Nothing:\n    rust_print_string(\"Hello\")\nEnd Process"
    
    If rust_write_file("../runa-bootstrap/parse_test.runa", test_program) is equal to false:
        Let end_time be rust_current_time()
        Let result be create_validation_result(criteria, false, "Could not create test file", end_time minus start_time)
        Return result
    End If
    
    Note: Test parsing (not full compilation, just parsing)
    Let parse_result be rust_execute_command("cd ../runa-bootstrap && timeout 10s ./target/release/runac parse_test.runa --check-syntax 2>/dev/null")
    
    Let end_time be rust_current_time()
    Let execution_time be end_time minus start_time
    
    Note: Clean up test file
    rust_execute_command("rm -f ../runa-bootstrap/parse_test.runa")
    
    If parse_result is equal to 0:
        Let result be create_validation_result(criteria, true, "Basic parsing works", execution_time)
        Return result
    Otherwise:
        Let result be create_validation_result(criteria, false, "Parsing failed or not implemented", execution_time)
        add_validation_detail(result, "This is expected for early bootstrap compiler")
        Return result
    End If
End Process

Process called "validate_stage_0_2_components_exist" returns ValidationResult:
    Note: Validate that all partial-runa components exist
    
    Let start_time be rust_current_time()
    Let criteria be create_validation_criteria("Component Existence", "All 8 partial-runa components must exist", true, "component_check")
    
    Let required_components be ["parser_frontend.runa", "semantic_analyzer.runa", "type_system.runa", "ir_generator.runa", "code_generator.runa", "compiler_bridge.runa", "core_libs.runa", "compiler_driver.runa"]
    
    Let missing_components be []
    For Each component in required_components:
        Let component_path be Core.concat_strings("../partial-runa/", component)
        If rust_file_exists(component_path) is equal to false:
            Add component to missing_components
        End If
    End For
    
    Let end_time be rust_current_time()
    Let execution_time be end_time minus start_time
    
    If Core.list_length(missing_components) is equal to 0:
        Let result be create_validation_result(criteria, true, "All 8 components found", execution_time)
        For Each component in required_components:
            add_validation_detail(result, Core.concat_strings("âœ“ ", component))
        End For
        Return result
    Otherwise:
        Let missing_count be Core.list_length(missing_components)
        Let message be Core.concat_strings("Missing ", Core.integer_to_string(missing_count), " critical components")
        Let result be create_validation_result(criteria, false, message, execution_time)
        For Each missing in missing_components:
            add_validation_detail(result, Core.concat_strings("âœ— MISSING: ", missing))
        End For
        Return result
    End If
End Process

Process called "validate_stage_0_2_components_implemented" returns ValidationResult:
    Note: Validate that components are properly implemented (not empty stubs)
    
    Let start_time be rust_current_time()
    Let criteria be create_validation_criteria("Implementation Quality", "Major components must be properly implemented", true, "implementation_check")
    
    Let major_components be ["compiler_driver.runa", "parser_frontend.runa", "type_system.runa", "compiler_bridge.runa"]
    
    Let undersized_components be []
    For Each component in major_components:
        Let component_path be Core.concat_strings("../partial-runa/", component)
        If rust_file_exists(component_path):
            Let file_size be rust_get_file_size(component_path)
            
            Note: Major components should be substantial (>10KB indicates real implementation)
            If file_size less than 10240:
                Add component to undersized_components
            End If
        End If
    End For
    
    Let end_time be rust_current_time()
    Let execution_time be end_time minus start_time
    
    If Core.list_length(undersized_components) is equal to 0:
        Let result be create_validation_result(criteria, true, "All major components properly implemented", execution_time)
        For Each component in major_components:
            Let component_path be Core.concat_strings("../partial-runa/", component)
            Let size be rust_get_file_size(component_path)
            Let size_kb be size divided by 1024
            add_validation_detail(result, Core.concat_strings(component, " (", Core.integer_to_string(size_kb), " KB)"))
        End For
        Return result
    Otherwise:
        Let undersized_count be Core.list_length(undersized_components)
        Let message be Core.concat_strings(Core.integer_to_string(undersized_count), " components appear undersized")
        Let result be create_validation_result(criteria, false, message, execution_time)
        For Each undersized in undersized_components:
            add_validation_detail(result, Core.concat_strings("âš  ", undersized, " may be incomplete"))
        End For
        Return result
    End If
End Process

Process called "validate_stage_0_2_integration_tests" returns ValidationResult:
    Note: Validate that integration tests exist
    
    Let start_time be rust_current_time()
    Let criteria be create_validation_criteria("Integration Tests", "All 4 integration tests must exist", false, "integration_test_check")
    
    Let required_tests be ["integration_test_parser.runa", "integration_test_type_system.runa", "integration_test_compiler_bridge.runa", "integration_test_full_compilation.runa"]
    
    Let missing_tests be []
    For Each test in required_tests:
        Let test_path be Core.concat_strings("../partial-runa/tests/", test)
        If rust_file_exists(test_path) is equal to false:
            Add test to missing_tests
        End If
    End For
    
    Let end_time be rust_current_time()
    Let execution_time be end_time minus start_time
    
    If Core.list_length(missing_tests) is equal to 0:
        Let result be create_validation_result(criteria, true, "All 4 integration tests found", execution_time)
        For Each test in required_tests:
            add_validation_detail(result, Core.concat_strings("âœ“ ", test))
        End For
        Return result
    Otherwise:
        Let missing_count be Core.list_length(missing_tests)
        Let message be Core.concat_strings("Missing ", Core.integer_to_string(missing_count), " integration tests")
        Let result be create_validation_result(criteria, false, message, execution_time)
        For Each missing in missing_tests:
            add_validation_detail(result, Core.concat_strings("âœ— MISSING: ", missing))
        End For
        Return result
    End If
End Process

Process called "validate_stage_0_2_syntax_compliance" returns ValidationResult:
    Note: Validate that partial-runa components follow correct Runa syntax
    
    Let start_time be rust_current_time()
    Let criteria be create_validation_criteria("Syntax Compliance", "Components must use correct Runa syntax patterns", false, "syntax_check")
    
    Let syntax_violations be []
    Let components_to_check be ["parser_frontend.runa", "semantic_analyzer.runa", "type_system.runa", "compiler_driver.runa"]
    
    For Each component in components_to_check:
        Let component_path be Core.concat_strings("../partial-runa/", component)
        If rust_file_exists(component_path):
            Let content be rust_read_file(component_path)
            
            Note: Check for common syntax violations (simplified check)
            If Core.string_contains(content, "// "):
                Add Core.concat_strings(component, ": Contains C-style comments") to syntax_violations
            End If
            
            If Core.string_contains(content, "function "):
                Add Core.concat_strings(component, ": Uses 'function' instead of 'Process called'") to syntax_violations
            End If
            
            If Core.string_contains(content, " else "):
                Add Core.concat_strings(component, ": Uses 'else' instead of 'Otherwise'") to syntax_violations
            End If
        End If
    End For
    
    Let end_time be rust_current_time()
    Let execution_time be end_time minus start_time
    
    If Core.list_length(syntax_violations) is equal to 0:
        Let result be create_validation_result(criteria, true, "No major syntax violations found", execution_time)
        add_validation_detail(result, "Components follow Runa syntax patterns")
        Return result
    Otherwise:
        Let violation_count be Core.list_length(syntax_violations)
        Let message be Core.concat_strings(Core.integer_to_string(violation_count), " syntax violations found")
        Let result be create_validation_result(criteria, false, message, execution_time)
        For Each violation in syntax_violations:
            add_validation_detail(result, Core.concat_strings("âš  ", violation))
        End For
        Return result
    End If
End Process

Process called "run_stage_0_1_validation" returns StageValidation:
    Note: Run comprehensive validation for Stage 0.1 (runa-bootstrap)
    
    print_validation_header("STAGE 0.1 - RUNA-BOOTSTRAP")
    
    Let stage_validation be StageValidation with stage_name = "runa-bootstrap", stage_number = "0.1", validation_results = [], critical_failures = 0, non_critical_failures = 0, total_criteria = 0, overall_passed = false, validation_timestamp = rust_current_time()
    
    rust_print_string("ğŸ” Validating Rust compiler build...\n")
    Let compiler_result be validate_stage_0_1_rust_compiler()
    Add compiler_result to stage_validation.validation_results
    Set stage_validation.total_criteria to stage_validation.total_criteria plus 1
    print_validation_result(compiler_result)
    
    If compiler_result.passed is equal to false and compiler_result.criterion.is_critical:
        Set stage_validation.critical_failures to stage_validation.critical_failures plus 1
    End If
    
    rust_print_string("\nğŸ” Validating minimal runtime library...\n")
    Let runtime_result be validate_stage_0_1_minimal_runtime()
    Add runtime_result to stage_validation.validation_results
    Set stage_validation.total_criteria to stage_validation.total_criteria plus 1
    print_validation_result(runtime_result)
    
    If runtime_result.passed is equal to false and runtime_result.criterion.is_critical:
        Set stage_validation.critical_failures to stage_validation.critical_failures plus 1
    End If
    
    rust_print_string("\nğŸ” Validating basic parsing capability...\n")
    Let parsing_result be validate_stage_0_1_basic_parsing()
    Add parsing_result to stage_validation.validation_results
    Set stage_validation.total_criteria to stage_validation.total_criteria plus 1
    print_validation_result(parsing_result)
    
    If parsing_result.passed is equal to false and parsing_result.criterion.is_critical:
        Set stage_validation.critical_failures to stage_validation.critical_failures plus 1
    Otherwise:
        If parsing_result.passed is equal to false:
            Set stage_validation.non_critical_failures to stage_validation.non_critical_failures plus 1
        End If
    End If
    
    Note: Determine overall pass/fail
    If stage_validation.critical_failures is equal to 0:
        Set stage_validation.overall_passed to true
    Otherwise:
        Set stage_validation.overall_passed to false
    End If
    
    Return stage_validation
End Process

Process called "run_stage_0_2_validation" returns StageValidation:
    Note: Run comprehensive validation for Stage 0.2 (partial-runa)
    
    print_validation_header("STAGE 0.2 - PARTIAL-RUNA")
    
    Let stage_validation be StageValidation with stage_name = "partial-runa", stage_number = "0.2", validation_results = [], critical_failures = 0, non_critical_failures = 0, total_criteria = 0, overall_passed = false, validation_timestamp = rust_current_time()
    
    rust_print_string("ğŸ” Validating component existence...\n")
    Let existence_result be validate_stage_0_2_components_exist()
    Add existence_result to stage_validation.validation_results
    Set stage_validation.total_criteria to stage_validation.total_criteria plus 1
    print_validation_result(existence_result)
    
    If existence_result.passed is equal to false and existence_result.criterion.is_critical:
        Set stage_validation.critical_failures to stage_validation.critical_failures plus 1
    End If
    
    rust_print_string("\nğŸ” Validating implementation quality...\n")
    Let implementation_result be validate_stage_0_2_components_implemented()
    Add implementation_result to stage_validation.validation_results
    Set stage_validation.total_criteria to stage_validation.total_criteria plus 1
    print_validation_result(implementation_result)
    
    If implementation_result.passed is equal to false and implementation_result.criterion.is_critical:
        Set stage_validation.critical_failures to stage_validation.critical_failures plus 1
    End If
    
    rust_print_string("\nğŸ” Validating integration tests...\n")
    Let tests_result be validate_stage_0_2_integration_tests()
    Add tests_result to stage_validation.validation_results
    Set stage_validation.total_criteria to stage_validation.total_criteria plus 1
    print_validation_result(tests_result)
    
    If tests_result.passed is equal to false and tests_result.criterion.is_critical:
        Set stage_validation.critical_failures to stage_validation.critical_failures plus 1
    Otherwise:
        If tests_result.passed is equal to false:
            Set stage_validation.non_critical_failures to stage_validation.non_critical_failures plus 1
        End If
    End If
    
    rust_print_string("\nğŸ” Validating syntax compliance...\n")
    Let syntax_result be validate_stage_0_2_syntax_compliance()
    Add syntax_result to stage_validation.validation_results
    Set stage_validation.total_criteria to stage_validation.total_criteria plus 1
    print_validation_result(syntax_result)
    
    If syntax_result.passed is equal to false and syntax_result.criterion.is_critical:
        Set stage_validation.critical_failures to stage_validation.critical_failures plus 1
    Otherwise:
        If syntax_result.passed is equal to false:
            Set stage_validation.non_critical_failures to stage_validation.non_critical_failures plus 1
        End If
    End If
    
    Note: Determine overall pass/fail
    If stage_validation.critical_failures is equal to 0:
        Set stage_validation.overall_passed to true
    Otherwise:
        Set stage_validation.overall_passed to false
    End If
    
    Return stage_validation
End Process

Process called "print_stage_validation_summary" that takes validation as StageValidation returns Nothing:
    rust_print_string("\nâ•”â•â•â•â•â•â•â•â•â•â•â•â•â•â•â•â•â•â•â•â•â•â•â•â•â•â•â•â•â•â•â•â•â•â•â•â•â•â•â•â•â•â•â•â•â•â•â•â•â•â•â•â•â•â•â•â•â•â•â•â•â•â•â•â•â•â•â•—\n")
    rust_print_string("â•‘                         VALIDATION SUMMARY                       â•‘\n")
    rust_print_string("â•šâ•â•â•â•â•â•â•â•â•â•â•â•â•â•â•â•â•â•â•â•â•â•â•â•â•â•â•â•â•â•â•â•â•â•â•â•â•â•â•â•â•â•â•â•â•â•â•â•â•â•â•â•â•â•â•â•â•â•â•â•â•â•â•â•â•â•â•\n")
    
    rust_print_string("Stage: ")
    rust_print_string(validation.stage_name)
    rust_print_string(" (")
    rust_print_string(validation.stage_number)
    rust_print_string(")\n")
    
    rust_print_string("Total Criteria: ")
    rust_print_string(Core.integer_to_string(validation.total_criteria))
    rust_print_string("\n")
    
    rust_print_string("Critical Failures: ")
    rust_print_string(Core.integer_to_string(validation.critical_failures))
    rust_print_string("\n")
    
    rust_print_string("Non-Critical Failures: ")
    rust_print_string(Core.integer_to_string(validation.non_critical_failures))
    rust_print_string("\n")
    
    rust_print_string("Overall Status: ")
    If validation.overall_passed:
        rust_print_string("âœ… PASSED - Ready for next stage\n")
    Otherwise:
        rust_print_string("âŒ FAILED - Cannot proceed to next stage\n")
    End If
    
    rust_print_string("\n")
End Process

Process called "validate_full_bootstrap_chain" returns Boolean:
    Note: Validate the complete bootstrap chain progression
    
    rust_print_string("â•”â•â•â•â•â•â•â•â•â•â•â•â•â•â•â•â•â•â•â•â•â•â•â•â•â•â•â•â•â•â•â•â•â•â•â•â•â•â•â•â•â•â•â•â•â•â•â•â•â•â•â•â•â•â•â•â•â•â•â•â•â•â•â•â•â•â•â•â•â•—\n")
    rust_print_string("â•‘                      BOOTSTRAP CHAIN VALIDATION                    â•‘\n")
    rust_print_string("â•‘           Comprehensive validation of bootstrap progression        â•‘\n")
    rust_print_string("â•šâ•â•â•â•â•â•â•â•â•â•â•â•â•â•â•â•â•â•â•â•â•â•â•â•â•â•â•â•â•â•â•â•â•â•â•â•â•â•â•â•â•â•â•â•â•â•â•â•â•â•â•â•â•â•â•â•â•â•â•â•â•â•â•â•â•â•â•â•â•\n\n")
    
    Let validation_start_time be rust_current_time()
    
    Note: Validate Stage 0.1 first
    Let stage_0_1_validation be run_stage_0_1_validation()
    print_stage_validation_summary(stage_0_1_validation)
    
    If stage_0_1_validation.overall_passed is equal to false:
        rust_print_string("ğŸš« BOOTSTRAP VALIDATION FAILED\n")
        rust_print_string("Stage 0.1 (runa-bootstrap) has critical failures.\n")
        rust_print_string("Fix Stage 0.1 issues before proceeding.\n\n")
        Return false
    End If
    
    Note: If Stage 0.1 passes, validate Stage 0.2
    rust_print_string("âœ… Stage 0.1 validation passed. Proceeding to Stage 0.2...\n\n")
    
    Let stage_0_2_validation be run_stage_0_2_validation()
    print_stage_validation_summary(stage_0_2_validation)
    
    If stage_0_2_validation.overall_passed is equal to false:
        rust_print_string("ğŸš« BOOTSTRAP VALIDATION FAILED\n")
        rust_print_string("Stage 0.2 (partial-runa) has critical failures.\n")
        rust_print_string("Fix Stage 0.2 issues before proceeding to full compiler.\n\n")
        Return false
    End If
    
    Let validation_end_time be rust_current_time()
    Let total_validation_time be validation_end_time minus validation_start_time
    
    rust_print_string("â•”â•â•â•â•â•â•â•â•â•â•â•â•â•â•â•â•â•â•â•â•â•â•â•â•â•â•â•â•â•â•â•â•â•â•â•â•â•â•â•â•â•â•â•â•â•â•â•â•â•â•â•â•â•â•â•â•â•â•â•â•â•â•â•â•â•â•â•â•â•—\n")
    rust_print_string("â•‘                        ğŸ‰ VALIDATION COMPLETE ğŸ‰                   â•‘\n")
    rust_print_string("â•šâ•â•â•â•â•â•â•â•â•â•â•â•â•â•â•â•â•â•â•â•â•â•â•â•â•â•â•â•â•â•â•â•â•â•â•â•â•â•â•â•â•â•â•â•â•â•â•â•â•â•â•â•â•â•â•â•â•â•â•â•â•â•â•â•â•â•â•â•â•\n")
    
    rust_print_string("âœ… Stage 0.1 (runa-bootstrap): PASSED\n")
    rust_print_string("âœ… Stage 0.2 (partial-runa): PASSED\n\n")
    
    rust_print_string("ğŸš€ BOOTSTRAP CHAIN IS VALIDATED AND READY!\n")
    rust_print_string("Total validation time: ")
    rust_print_string(Core.integer_to_string(total_validation_time))
    rust_print_string(" ms\n\n")
    
    rust_print_string("Next steps:\n")
    rust_print_string("1. Begin Stage 1.0 (Full Self-Hosting Compiler) development\n")
    rust_print_string("2. Use partial-runa as foundation for full compiler\n")
    rust_print_string("3. Gradually replace Rust components with native Runa implementations\n\n")
    
    Return true
End Process

Process called "main":
    validate_full_bootstrap_chain()
End Process