=========================================
Running Unit Tests for bootstrap compiler
=========================================

Testing test_adt_explicit... [0;32mPASSED[0m
Testing test_adt_multi_variant... [0;32mPASSED[0m
Testing test_arithmetic_ops... [0;32mPASSED[0m
Testing test_array_indexing... [0;32mPASSED[0m
Testing test_basic_types... [0;32mPASSED[0m
Testing test_bitwise_ops... [0;32mPASSED[0m
Testing test_boolean_literals... [0;32mPASSED[0m
Testing test_break_continue... [0;32mPASSED[0m
Testing test_collections_dictionaries... [0;32mPASSED[0m
Testing test_collections_for_each... [0;32mPASSED[0m
Testing test_collections_lists... [0;32mPASSED[0m
Testing test_collections_sets... [0;32mPASSED[0m
Testing test_comments... [0;32mPASSED[0m
Testing test_comparison_ops... [0;32mPASSED[0m
Testing test_compound_assignment... [0;32mPASSED[0m
Testing test_control_flow... [0;32mPASSED[0m
Testing test_deep_recursion... [0;32mPASSED[0m
Testing test_division_by_zero... [0;32mPASSED[0m
Testing test_field_access... [0;32mPASSED[0m
Testing test_for_loops... [0;32mPASSED[0m
Testing test_for_minimal... [0;32mPASSED[0m
Testing test_for_mixed... [0;32mPASSED[0m
Testing test_functions... [0;32mPASSED[0m
Testing test_import_syntax... [0;32mPASSED[0m
Testing test_imports... ./tests/run_unit_tests.sh: line 51: 84664 Segmentation fault      (core dumped) "$COMPILER" "$test_file" "$test_output_dir/${test_name}.s" > "$test_output_dir/compile.log" 2>&1
[0;31mFAILED[0m (compilation)
[1;33mSKIPPED[0m: test_imports_helper.runa (helper file)
Testing test_inline_assembly... [0;32mPASSED[0m
Testing test_integer_overflow... [0;32mPASSED[0m
Testing test_lambda... [0;32mPASSED[0m
Testing test_large_numbers... [0;32mPASSED[0m
Testing test_logical_ops... [0;32mPASSED[0m
Testing test_match... [0;32mPASSED[0m
Testing test_memory_safety... [0;32mPASSED[0m
Testing test_negate_variable... [0;32mPASSED[0m
Testing test_negative_numbers... [0;32mPASSED[0m
Testing test_parentheses... [0;32mPASSED[0m
Testing test_simple_import... [0;31mFAILED[0m (linking)
Testing test_stack_safety... [0;32mPASSED[0m
Testing test_struct_features... [0;32mPASSED[0m
Testing test_structs... [0;32mPASSED[0m
Testing test_variables... [0;32mPASSED[0m

=========================================
Test Summary
=========================================
Total:   40
Passed:  [0;32m38[0m
Failed:  [0;31m2[0m
Skipped: [1;33m1[0m

Results written to: /mnt/d/SybertneticsUmbrella/SybertneticsAISolutions/MonoRepo/runa/bootstrap/v0.0.8.4.5.3/tests/output/test_results.txt

