Test Results - Sun Oct  5 23:41:27 EDT 2025
========================================
PASSED: test_arithmetic_ops
Output:
25
15
100
4
2

PASSED: test_array_indexing
Output:
10
30
50

PASSED: test_basic_types
Output:
42
Hello Runa
65

PASSED: test_bitwise_ops
Output:
4
13
9
48
3

PASSED: test_boolean_literals
Output:
PASS: true literal
PASS: false literal
PASS: comparison result is true

PASSED: test_break_continue
Output:
25
5

PASSED: test_collections_dictionaries
Output:
PASS: All dictionary tests

PASSED: test_collections_for_each
Output:
PASS: All for-each tests

PASSED: test_collections_lists
Output:
PASS: All list tests

PASSED: test_collections_sets
Output:
PASS: All set tests

PASSED: test_comments
Output:
10
20

PASSED: test_comparison_ops
Output:
PASS: is equal to
PASS: is not equal to
PASS: is less than
PASS: is greater than
PASS: is less than or equal to
PASS: is greater than or equal to
PASS: is not less than
PASS: is not greater than

PASSED: test_compound_assignment
Output:
15
23
20
35
12
12
10
20

PASSED: test_control_flow
Output:
PASS: If condition true
PASS: If condition false
PASS: Simple Otherwise If - first condition (got 100)
PASS: Simple Otherwise If - second condition (got 200)
PASS: Simple Otherwise If - default Otherwise (got 999)
PASS: Multi Otherwise If - condition 1
PASS: Multi Otherwise If - condition 3
PASS: Multi Otherwise If - condition 5
PASS: Multi Otherwise If - default Otherwise
PASS: Nested Otherwise If - (1,1)
PASS: Nested Otherwise If - (1,2)
PASS: Nested Otherwise If - (2,1)
PASS: Nested Otherwise If - (2,2)
PASS: Nested Otherwise If - (9,9) default
PASS: Complex conditions - less than 10
PASS: Complex conditions - 10-19
PASS: Complex conditions - 20-29
PASS: Complex conditions - 30+
PASS: No Otherwise - condition 1
PASS: No Otherwise - condition 2
PASS: No Otherwise - fall through
PASS: While loop sum

PASSED: test_deep_recursion
Output:

PASSED: test_division_by_zero
Output:

FAILED: test_field_access (compilation error)

PASSED: test_for_loops
Output:
15
30
45

PASSED: test_for_minimal
Output:
ok

PASSED: test_for_mixed
Output:

PASSED: test_functions
Output:
15
12
27

PASSED: test_import_syntax
Output:
Import syntax test passed

PASSED: test_imports
Output:
15
12
10

PASSED: test_inline_assembly
Output:

PASSED: test_integer_overflow
Output:

PASSED: test_large_numbers
Output:

PASSED: test_logical_ops
Output:
PASS: and (both true)
PASS: and (first false)
PASS: and (second false)
PASS: or (both true)
PASS: or (first true)
PASS: or (second true)
PASS: or (both false)

PASSED: test_negate_variable
Output:

PASSED: test_negative_numbers
Output:
18446744073709551611
18446744073709551609
18446744073709551611
18446744073709551604
PASS: negative is less than 0

PASSED: test_parentheses
Output:
30
27
20
15

FAILED: test_struct_features (compilation error)

FAILED: test_structs (compilation error)

PASSED: test_variables
Output:
10
20
30
40
35


========================================
Summary
========================================
Total:   33
Passed:  30
Failed:  3
Skipped: 1
