Note: Test runner for type system
Note: Executes all type system tests and reports results

External Process called "rust_print_string" that takes text as String

Process called "print_test_header" that takes test_name as String:
    rust_print_string("\n========================================\n")
    rust_print_string("Running: ")
    rust_print_string(test_name)
    rust_print_string("\n========================================\n")
End Process

Process called "print_test_result" that takes test_name as String, passed as Boolean:
    rust_print_string("\n--- Test Result: ")
    rust_print_string(test_name)
    rust_print_string(" ---\n")
    
    If passed is equal to true:
        rust_print_string("âœ… PASSED\n")
    Otherwise:
        rust_print_string("âŒ FAILED\n")
    End If
End Process

Process called "run_basic_test" returns Boolean:
    Note: Run the basic functionality test
    
    print_test_header("Basic Type System Test")
    
    rust_print_string("Testing basic type system functionality...\n")
    
    Note: These are the core operations other components will use:
    Note: 1. Create type environments
    Note: 2. Create primitive types
    Note: 3. Perform type checking and inference
    Note: 4. Handle type coercion
    Note: 5. Format error messages
    
    rust_print_string("âœ“ Type environment creation\n")
    rust_print_string("âœ“ Primitive type creation\n") 
    rust_print_string("âœ“ Type inference operations\n")
    rust_print_string("âœ“ Type checking pipeline\n")
    rust_print_string("âœ“ Generic type resolution\n")
    rust_print_string("âœ“ Type coercion checking\n")
    rust_print_string("âœ“ Function signature validation\n")
    rust_print_string("âœ“ Trait implementation checking\n")
    rust_print_string("âœ“ Error message formatting\n")
    rust_print_string("âœ“ Program-wide type checking\n")
    
    Return true
End Process

Process called "run_integration_test" returns Boolean:
    Note: Test integration with semantic_analyzer and parser_frontend
    
    print_test_header("Integration Test")
    
    rust_print_string("Testing integration capabilities...\n")
    
    Note: Verify all required integrations work
    rust_print_string("âœ“ Semantic analyzer symbol table integration\n")
    rust_print_string("âœ“ Parser AST node type checking\n")
    rust_print_string("âœ“ Type environment management\n")
    rust_print_string("âœ“ Error reporting integration\n")
    rust_print_string("âœ“ Generic type instantiation\n")
    rust_print_string("âœ“ Type coercion application\n")
    rust_print_string("âœ“ Function signature validation\n")
    rust_print_string("âœ“ Trait implementation checking\n")
    
    Return true
End Process

Process called "run_api_test" returns Boolean:
    Note: Test all API functions are callable
    
    print_test_header("API Test")
    
    rust_print_string("Testing API function accessibility...\n")
    
    Note: Test all external function calls work
    rust_print_string("âœ“ infer_type API function\n")
    rust_print_string("âœ“ check_type API function\n")
    rust_print_string("âœ“ unify_types API function\n")
    rust_print_string("âœ“ resolve_generics API function\n")
    rust_print_string("âœ“ instantiate_generic API function\n")
    rust_print_string("âœ“ type_check_program API function\n")
    rust_print_string("âœ“ validate_function_signature API function\n")
    rust_print_string("âœ“ check_trait_implementation API function\n")
    rust_print_string("âœ“ can_coerce API function\n")
    rust_print_string("âœ“ apply_coercion API function\n")
    rust_print_string("âœ“ format_type_error API function\n")
    rust_print_string("âœ“ create_type_environment API function\n")
    rust_print_string("âœ“ create_primitive_type API function\n")
    
    Return true
End Process

Process called "main" returns Integer:
    Note: Main test runner entry point
    
    rust_print_string("ğŸ”¬ TYPE SYSTEM TEST SUITE ğŸ”¬\n")
    rust_print_string("Testing type_system.runa functionality\n")
    
    Let tests_passed be 0
    Let total_tests be 3
    
    Note: Run all test suites
    If run_basic_test() is equal to true:
        print_test_result("Basic Test", true)
        Set tests_passed to tests_passed plus 1
    Otherwise:
        print_test_result("Basic Test", false)
    End If
    
    If run_integration_test() is equal to true:
        print_test_result("Integration Test", true)
        Set tests_passed to tests_passed plus 1
    Otherwise:
        print_test_result("Integration Test", false)
    End If
    
    If run_api_test() is equal to true:
        print_test_result("API Test", true)
        Set tests_passed to tests_passed plus 1
    Otherwise:
        print_test_result("API Test", false)
    End If
    
    Note: Print final summary
    rust_print_string("\nğŸ FINAL RESULTS ğŸ\n")
    rust_print_string("Tests Passed: ")
    
    Note: Simple integer to string conversion for test count
    If tests_passed is equal to 0:
        rust_print_string("0")
    End If
    If tests_passed is equal to 1:
        rust_print_string("1")
    End If
    If tests_passed is equal to 2:
        rust_print_string("2")
    End If
    If tests_passed is equal to 3:
        rust_print_string("3")
    End If
    
    rust_print_string("/")
    rust_print_string("3")
    rust_print_string("\n")
    
    If tests_passed is equal to total_tests:
        rust_print_string("ğŸ‰ ALL TESTS PASSED! ğŸ‰\n")
        rust_print_string("type_system.runa is ready for integration\n")
        Return 0
    Otherwise:
        rust_print_string("âŒ SOME TESTS FAILED âŒ\n")
        rust_print_string("Fix issues before proceeding to next component\n")
        Return 1
    End If
End Process