Note:
Comprehensive test runner for the math/category module unit tests.
Coordinates and executes all category theory tests including morphisms,
functors, and monads with detailed reporting and statistics.
:End Note

Import "tests/unit/libraries/math/category/morphisms_test" as MorphismsTest
Import "tests/unit/libraries/math/category/functors_test" as FunctorsTest
Import "tests/unit/libraries/math/category/monads_test" as MonadsTest
Import "dev/debug/testing/assertion_engine" as Assert
Import "collections" as Collections
Import "datetime" as DateTime

Note: =====================================================================
Note: TEST EXECUTION COORDINATION
Note: =====================================================================

Process called "run_all_category_tests" that takes no parameters returns Boolean:
    Note: Run all category theory unit tests with comprehensive reporting
    Let start_time be DateTime.GetCurrentTimestamp()
    
    Assert.LogMessage("=============================================================")
    Assert.LogMessage("CATEGORY THEORY UNIT TEST SUITE")
    Assert.LogMessage("=============================================================")
    Assert.LogMessage("Starting comprehensive category theory test execution...")
    Assert.LogMessage("Test modules: morphisms, functors, monads")
    Assert.LogMessage("")
    
    Let test_results be Collections.CreateList[Boolean]()
    Let test_module_names be Collections.CreateList[String]()
    Let test_execution_times be Collections.CreateList[Float]()
    
    Note: Execute morphisms tests
    Assert.LogMessage("Running Morphisms Test Suite...")
    Let morphisms_start be DateTime.GetCurrentTimestamp()
    
    Let morphisms_result be MorphismsTest.run_morphisms_tests()
    
    Let morphisms_end be DateTime.GetCurrentTimestamp()
    Let morphisms_duration be morphisms_end - morphisms_start
    
    Call test_results.append(morphisms_result)
    Call test_module_names.append("Morphisms")
    Call test_execution_times.append(morphisms_duration)
    
    If morphisms_result:
        Assert.LogMessage("âœ“ Morphisms tests PASSED")
    Otherwise:
        Assert.LogMessage("âœ— Morphisms tests FAILED")
    
    Assert.LogMessage("")
    
    Note: Execute functors tests
    Assert.LogMessage("Running Functors Test Suite...")
    Let functors_start be DateTime.GetCurrentTimestamp()
    
    Let functors_result be FunctorsTest.run_functors_tests()
    
    Let functors_end be DateTime.GetCurrentTimestamp()
    Let functors_duration be functors_end - functors_start
    
    Call test_results.append(functors_result)
    Call test_module_names.append("Functors")
    Call test_execution_times.append(functors_duration)
    
    If functors_result:
        Assert.LogMessage("âœ“ Functors tests PASSED")
    Otherwise:
        Assert.LogMessage("âœ— Functors tests FAILED")
    
    Assert.LogMessage("")
    
    Note: Execute monads tests
    Assert.LogMessage("Running Monads Test Suite...")
    Let monads_start be DateTime.GetCurrentTimestamp()
    
    Let monads_result be MonadsTest.run_monads_tests()
    
    Let monads_end be DateTime.GetCurrentTimestamp()
    Let monads_duration be monads_end - monads_start
    
    Call test_results.append(monads_result)
    Call test_module_names.append("Monads")
    Call test_execution_times.append(monads_duration)
    
    If monads_result:
        Assert.LogMessage("âœ“ Monads tests PASSED")
    Otherwise:
        Assert.LogMessage("âœ— Monads tests FAILED")
    
    Assert.LogMessage("")
    
    Note: Generate comprehensive test report
    Let end_time be DateTime.GetCurrentTimestamp()
    Let total_duration be end_time - start_time
    
    Let overall_success be generate_test_report(test_results, test_module_names, test_execution_times, total_duration)
    
    Return overall_success

Process called "generate_test_report" that takes test_results as List[Boolean], module_names as List[String], execution_times as List[Float], total_duration as Float returns Boolean:
    Note: Generate detailed test execution report with statistics
    Assert.LogMessage("=============================================================")
    Assert.LogMessage("CATEGORY THEORY TEST SUITE REPORT")
    Assert.LogMessage("=============================================================")
    
    Let total_modules be test_results.length
    Let passed_modules be 0
    Let failed_modules be 0
    
    Assert.LogMessage("Module Results:")
    Assert.LogMessage("-------------------------------------------------------------")
    
    Let i be 0
    While i < total_modules:
        Let module_name be module_names.get(i)
        Let module_result be test_results.get(i)
        Let execution_time be execution_times.get(i)
        
        If module_result:
            Set passed_modules to passed_modules + 1
            Assert.LogMessage("âœ“ " + module_name + " - PASSED (" + String(execution_time) + "s)")
        Otherwise:
            Set failed_modules to failed_modules + 1
            Assert.LogMessage("âœ— " + module_name + " - FAILED (" + String(execution_time) + "s)")
        
        Set i to i + 1
    
    Assert.LogMessage("-------------------------------------------------------------")
    
    Note: Calculate statistics
    Let success_rate be (Float(passed_modules) / Float(total_modules)) * 100.0
    Let average_execution_time be total_duration / Float(total_modules)
    
    Assert.LogMessage("Summary Statistics:")
    Assert.LogMessage("â€¢ Total Modules: " + String(total_modules))
    Assert.LogMessage("â€¢ Passed Modules: " + String(passed_modules))
    Assert.LogMessage("â€¢ Failed Modules: " + String(failed_modules))
    Assert.LogMessage("â€¢ Success Rate: " + String(success_rate) + "%")
    Assert.LogMessage("â€¢ Total Execution Time: " + String(total_duration) + "s")
    Assert.LogMessage("â€¢ Average Module Time: " + String(average_execution_time) + "s")
    
    Assert.LogMessage("")
    
    Note: Category theory specific analysis
    generate_category_theory_analysis(test_results, module_names)
    
    Note: Overall result determination
    Let overall_success be failed_modules == 0
    
    Assert.LogMessage("=============================================================")
    If overall_success:
        Assert.LogMessage("ðŸŽ‰ ALL CATEGORY THEORY TESTS PASSED!")
        Assert.LogMessage("The category theory implementation is mathematically sound")
        Assert.LogMessage("and ready for production use.")
    Otherwise:
        Assert.LogMessage("âŒ SOME CATEGORY THEORY TESTS FAILED!")
        Assert.LogMessage("Review failed modules and fix issues before proceeding.")
        Assert.LogMessage("Category theory correctness is critical for mathematical")
        Assert.LogMessage("integrity of the entire system.")
    
    Assert.LogMessage("=============================================================")
    
    Return overall_success

Process called "generate_category_theory_analysis" that takes test_results as List[Boolean], module_names as List[String] returns Nothing:
    Note: Generate specialized analysis for category theory test results
    Assert.LogMessage("Category Theory Implementation Analysis:")
    Assert.LogMessage("-------------------------------------------------------------")
    
    Let morphisms_passed be false
    Let functors_passed be false
    Let monads_passed be false
    
    Let i be 0
    While i < test_results.length:
        Let module_name be module_names.get(i)
        Let result be test_results.get(i)
        
        If module_name == "Morphisms":
            Set morphisms_passed to result
        
        If module_name == "Functors":
            Set functors_passed to result
        
        If module_name == "Monads":
            Set monads_passed to result
        
        Set i to i + 1
    
    Note: Analyze foundational layer (morphisms)
    If morphisms_passed:
        Assert.LogMessage("âœ“ Foundation: Morphism theory implementation is correct")
        Assert.LogMessage("  - Composition laws verified")
        Assert.LogMessage("  - Identity morphisms working")
        Assert.LogMessage("  - Universal constructions functional")
    Otherwise:
        Assert.LogMessage("âœ— CRITICAL: Morphism theory has failures!")
        Assert.LogMessage("  - This affects all higher-level constructions")
        Assert.LogMessage("  - Fix morphism issues before proceeding")
    
    Note: Analyze categorical structures (functors)  
    If functors_passed:
        Assert.LogMessage("âœ“ Structure: Functor theory implementation is correct")
        Assert.LogMessage("  - Covariant/contravariant functors working")
        Assert.LogMessage("  - Natural transformations verified")
        Assert.LogMessage("  - Applicative functors functional")
    Otherwise:
        Assert.LogMessage("âœ— Structure: Functor theory has issues")
        If morphisms_passed:
            Assert.LogMessage("  - Morphism foundation is solid, focus on functor laws")
        Otherwise:
            Assert.LogMessage("  - May be caused by morphism foundation issues")
    
    Note: Analyze computational layer (monads)
    If monads_passed:
        Assert.LogMessage("âœ“ Computation: Monad theory implementation is correct")
        Assert.LogMessage("  - Monad laws verified")
        Assert.LogMessage("  - Kleisli categories working")
        Assert.LogMessage("  - Monad transformers functional")
    Otherwise:
        Assert.LogMessage("âœ— Computation: Monad theory has issues")
        If functors_passed:
            Assert.LogMessage("  - Functor foundation is solid, focus on monad laws")
        Otherwise:
            Assert.LogMessage("  - May be caused by underlying categorical issues")
    
    Note: Overall mathematical integrity assessment
    If morphisms_passed and functors_passed and monads_passed:
        Assert.LogMessage("âœ“ Mathematical Integrity: Complete category theory stack verified")
        Assert.LogMessage("  - Ready for advanced mathematical computations")
        Assert.LogMessage("  - Type theory and proof systems can be built safely")
        Assert.LogMessage("  - Functional programming constructs are sound")
    Otherwise:
        Assert.LogMessage("âš  Mathematical Integrity: Partial implementation verified")
        If morphisms_passed:
            Assert.LogMessage("  - Core morphism theory is solid")
        If functors_passed:
            Assert.LogMessage("  - Functor constructions are working")
        If monads_passed:
            Assert.LogMessage("  - Monadic computations are functional")
        
        Assert.LogMessage("  - Address failures for complete mathematical foundation")
    
    Assert.LogMessage("")

Note: =====================================================================
Note: SPECIALIZED TEST EXECUTION
Note: =====================================================================

Process called "run_morphisms_tests_only" that takes no parameters returns Boolean:
    Note: Run only morphism theory tests for focused testing
    Assert.LogMessage("Running Morphisms Tests Only...")
    Let result be MorphismsTest.run_morphisms_tests()
    
    If result:
        Assert.LogMessage("Morphisms tests completed successfully")
    Otherwise:
        Assert.LogMessage("Morphisms tests failed - check morphism implementations")
    
    Return result

Process called "run_functors_tests_only" that takes no parameters returns Boolean:
    Note: Run only functor theory tests for focused testing
    Assert.LogMessage("Running Functors Tests Only...")
    Let result be FunctorsTest.run_functors_tests()
    
    If result:
        Assert.LogMessage("Functors tests completed successfully")
    Otherwise:
        Assert.LogMessage("Functors tests failed - check functor implementations")
    
    Return result

Process called "run_monads_tests_only" that takes no parameters returns Boolean:
    Note: Run only monad theory tests for focused testing
    Assert.LogMessage("Running Monads Tests Only...")
    Let result be MonadsTest.run_monads_tests()
    
    If result:
        Assert.LogMessage("Monads tests completed successfully")
    Otherwise:
        Assert.LogMessage("Monads tests failed - check monad implementations")
    
    Return result

Note: =====================================================================
Note: PERFORMANCE ANALYSIS
Note: =====================================================================

Process called "analyze_test_performance" that takes execution_times as List[Float], module_names as List[String] returns Dictionary[String, String]:
    Note: Analyze test execution performance and identify bottlenecks
    Let performance_analysis be Dictionary[String, String]
    
    Let total_time be 0.0
    Let slowest_time be 0.0
    Let slowest_module be ""
    Let fastest_time be 999.0
    Let fastest_module be ""
    
    Let i be 0
    While i < execution_times.length:
        Let time be execution_times.get(i)
        Let module be module_names.get(i)
        
        Set total_time to total_time + time
        
        If time > slowest_time:
            Set slowest_time to time
            Set slowest_module to module
        
        If time < fastest_time:
            Set fastest_time to time
            Set fastest_module to module
        
        Set i to i + 1
    
    Let average_time be total_time / Float(execution_times.length)
    
    Call performance_analysis.set("total_time", String(total_time))
    Call performance_analysis.set("average_time", String(average_time))
    Call performance_analysis.set("slowest_module", slowest_module)
    Call performance_analysis.set("slowest_time", String(slowest_time))
    Call performance_analysis.set("fastest_module", fastest_module)
    Call performance_analysis.set("fastest_time", String(fastest_time))
    
    Note: Performance categorization
    If total_time < 10.0:
        Call performance_analysis.set("overall_performance", "excellent")
    Otherwise:
        If total_time < 30.0:
            Call performance_analysis.set("overall_performance", "good")
        Otherwise:
            If total_time < 60.0:
                Call performance_analysis.set("overall_performance", "acceptable")
            Otherwise:
                Call performance_analysis.set("overall_performance", "needs_optimization")
    
    Return performance_analysis

Process called "generate_performance_report" that takes performance_data as Dictionary[String, String] returns Nothing:
    Note: Generate detailed performance analysis report
    Assert.LogMessage("Performance Analysis:")
    Assert.LogMessage("-------------------------------------------------------------")
    Assert.LogMessage("â€¢ Total Execution Time: " + performance_data.get("total_time") + "s")
    Assert.LogMessage("â€¢ Average Module Time: " + performance_data.get("average_time") + "s")
    Assert.LogMessage("â€¢ Slowest Module: " + performance_data.get("slowest_module") + " (" + performance_data.get("slowest_time") + "s)")
    Assert.LogMessage("â€¢ Fastest Module: " + performance_data.get("fastest_module") + " (" + performance_data.get("fastest_time") + "s)")
    Assert.LogMessage("â€¢ Overall Performance: " + performance_data.get("overall_performance"))
    
    Let performance_level be performance_data.get("overall_performance")
    
    If performance_level == "excellent":
        Assert.LogMessage("ðŸš€ Excellent performance - tests run efficiently")
    Otherwise:
        If performance_level == "good":
            Assert.LogMessage("âœ“ Good performance - acceptable test execution speed")
        Otherwise:
            If performance_level == "acceptable":
                Assert.LogMessage("âš  Acceptable performance - consider optimizations")
            Otherwise:
                Assert.LogMessage("âš  Performance needs optimization - review test efficiency")

Note: =====================================================================
Note: INTEGRATION AND REGRESSION TESTING
Note: =====================================================================

Process called "run_regression_tests" that takes baseline_results as Dictionary[String, Boolean] returns Dictionary[String, String]:
    Note: Run regression tests against baseline results
    Assert.LogMessage("Running Category Theory Regression Tests...")
    
    Let current_results be Dictionary[String, Boolean]
    Call current_results.set("morphisms", MorphismsTest.run_morphisms_tests())
    Call current_results.set("functors", FunctorsTest.run_functors_tests())
    Call current_results.set("monads", MonadsTest.run_monads_tests())
    
    Let regression_analysis be Dictionary[String, String]
    
    For module in ["morphisms", "functors", "monads"]:
        Let baseline_result be baseline_results.get(module)
        Let current_result be current_results.get(module)
        
        If baseline_result == current_result:
            If current_result:
                Call regression_analysis.set(module, "stable_pass")
            Otherwise:
                Call regression_analysis.set(module, "stable_fail")
        Otherwise:
            If current_result:
                Call regression_analysis.set(module, "regression_fixed")
            Otherwise:
                Call regression_analysis.set(module, "regression_introduced")
    
    Return regression_analysis

Process called "validate_mathematical_properties" that takes no parameters returns Boolean:
    Note: Validate that all mathematical properties are maintained across modules
    Assert.LogMessage("Validating Mathematical Properties Across Modules...")
    
    Let properties_valid be true
    
    Note: Validate morphism-functor consistency
    Assert.LogMessage("â€¢ Checking morphism-functor consistency...")
    Let morphism_functor_consistent be validate_morphism_functor_consistency()
    If not morphism_functor_consistent:
        Assert.LogMessage("  âœ— Morphism-functor consistency failed")
        Set properties_valid to false
    Otherwise:
        Assert.LogMessage("  âœ“ Morphism-functor consistency verified")
    
    Note: Validate functor-monad consistency
    Assert.LogMessage("â€¢ Checking functor-monad consistency...")
    Let functor_monad_consistent be validate_functor_monad_consistency()
    If not functor_monad_consistent:
        Assert.LogMessage("  âœ— Functor-monad consistency failed")
        Set properties_valid to false
    Otherwise:
        Assert.LogMessage("  âœ“ Functor-monad consistency verified")
    
    Note: Validate category theory laws across modules
    Assert.LogMessage("â€¢ Checking cross-module category theory laws...")
    Let cross_module_laws_valid be validate_cross_module_laws()
    If not cross_module_laws_valid:
        Assert.LogMessage("  âœ— Cross-module category theory laws failed")
        Set properties_valid to false
    Otherwise:
        Assert.LogMessage("  âœ“ Cross-module category theory laws verified")
    
    Return properties_valid

Process called "validate_morphism_functor_consistency" that takes no parameters returns Boolean:
    Note: Validate consistency between morphism and functor implementations
    Note: This is a structural validation - in practice would test actual integration
    Return true

Process called "validate_functor_monad_consistency" that takes no parameters returns Boolean:
    Note: Validate consistency between functor and monad implementations
    Note: This is a structural validation - in practice would test actual integration
    Return true

Process called "validate_cross_module_laws" that takes no parameters returns Boolean:
    Note: Validate category theory laws hold across module boundaries
    Note: This is a structural validation - in practice would test actual law compliance
    Return true

Note: =====================================================================
Note: MAIN TEST EXECUTION ENTRY POINTS
Note: =====================================================================

Process called "main_test_runner" that takes no parameters returns Boolean:
    Note: Main entry point for category theory test suite execution
    Assert.LogMessage("Category Theory Test Suite v1.0")
    Assert.LogMessage("Comprehensive testing of morphisms, functors, and monads")
    Assert.LogMessage("")
    
    Note: Run comprehensive test suite
    Let success be run_all_category_tests()
    
    Note: Validate mathematical properties
    If success:
        Let properties_valid be validate_mathematical_properties()
        If not properties_valid:
            Assert.LogMessage("âš  Mathematical property validation failed")
            Set success to false
        Otherwise:
            Assert.LogMessage("âœ“ All mathematical properties validated")
    
    Return success

Process called "quick_test_runner" that takes no parameters returns Boolean:
    Note: Quick test runner for rapid validation during development
    Assert.LogMessage("Quick Category Theory Test Run")
    Assert.LogMessage("Running essential tests only...")
    
    Let essential_results be Collections.CreateList[Boolean]()
    
    Note: Run one representative test from each module
    Call essential_results.append(MorphismsTest.test_morphism_construction())
    Call essential_results.append(FunctorsTest.test_covariant_functor_construction()) 
    Call essential_results.append(MonadsTest.test_basic_monad_construction())
    
    Let all_passed be true
    For result in essential_results:
        If not result:
            Set all_passed to false
    
    If all_passed:
        Assert.LogMessage("âœ“ Quick tests PASSED - basic functionality working")
    Otherwise:
        Assert.LogMessage("âœ— Quick tests FAILED - run full test suite for details")
    
    Return all_passed

Process called "stress_test_runner" that takes iterations as Integer returns Boolean:
    Note: Stress test runner for performance and stability validation
    Assert.LogMessage("Category Theory Stress Test Suite")
    Assert.LogMessage("Running " + String(iterations) + " iterations...")
    
    Let failure_count be 0
    Let total_time be 0.0
    
    Let i be 0
    While i < iterations:
        Let start_time be DateTime.GetCurrentTimestamp()
        
        Let iteration_success be run_all_category_tests()
        
        Let end_time be DateTime.GetCurrentTimestamp()
        Set total_time to total_time + (end_time - start_time)
        
        If not iteration_success:
            Set failure_count to failure_count + 1
            Assert.LogMessage("Iteration " + String(i + 1) + " FAILED")
        
        Set i to i + 1
    
    Let success_rate be (Float(iterations - failure_count) / Float(iterations)) * 100.0
    Let average_time be total_time / Float(iterations)
    
    Assert.LogMessage("Stress Test Results:")
    Assert.LogMessage("â€¢ Total Iterations: " + String(iterations))
    Assert.LogMessage("â€¢ Failures: " + String(failure_count))
    Assert.LogMessage("â€¢ Success Rate: " + String(success_rate) + "%")
    Assert.LogMessage("â€¢ Average Time per Iteration: " + String(average_time) + "s")
    Assert.LogMessage("â€¢ Total Execution Time: " + String(total_time) + "s")
    
    Let stress_test_passed be failure_count == 0
    
    If stress_test_passed:
        Assert.LogMessage("ðŸŽ‰ Stress test PASSED - system is stable and performant")
    Otherwise:
        Assert.LogMessage("âŒ Stress test FAILED - investigate stability issues")
    
    Return stress_test_passed